{"/Users/matheushenrique/Documents/github/desafioBuilders/src/assets/blizzard-middle.png": {"path":"/Users/matheushenrique/Documents/github/desafioBuilders/src/assets/blizzard-middle.png","statementMap":{"0":{"start":{"line":1,"column":0},"end":{"line":4,"column":6}}},"fnMap":{},"branchMap":{},"s":{"0":9},"f":{},"b":{},"_coverageSchema":"1a1c01bbd47fc00a2c39e90264f33305004495a9","hash":"85ed68f8fa22997cb267e5aed60c3d5eb3559cef"}
,"/Users/matheushenrique/Documents/github/desafioBuilders/src/assets/blizzard-night.png": {"path":"/Users/matheushenrique/Documents/github/desafioBuilders/src/assets/blizzard-night.png","statementMap":{"0":{"start":{"line":1,"column":0},"end":{"line":4,"column":6}}},"fnMap":{},"branchMap":{},"s":{"0":8},"f":{},"b":{},"_coverageSchema":"1a1c01bbd47fc00a2c39e90264f33305004495a9","hash":"fbdfed589a6155d68371415d5f789161cda102f0"}
,"/Users/matheushenrique/Documents/github/desafioBuilders/src/assets/blizzard.png": {"path":"/Users/matheushenrique/Documents/github/desafioBuilders/src/assets/blizzard.png","statementMap":{"0":{"start":{"line":1,"column":0},"end":{"line":4,"column":6}}},"fnMap":{},"branchMap":{},"s":{"0":8},"f":{},"b":{},"_coverageSchema":"1a1c01bbd47fc00a2c39e90264f33305004495a9","hash":"de2f2685c4246535e42df049699144143ddb8624"}
,"/Users/matheushenrique/Documents/github/desafioBuilders/src/assets/cloud.png": {"path":"/Users/matheushenrique/Documents/github/desafioBuilders/src/assets/cloud.png","statementMap":{"0":{"start":{"line":1,"column":0},"end":{"line":4,"column":6}}},"fnMap":{},"branchMap":{},"s":{"0":9},"f":{},"b":{},"_coverageSchema":"1a1c01bbd47fc00a2c39e90264f33305004495a9","hash":"f2ea7ebb8d97195236bcea9858042a1802da815c"}
,"/Users/matheushenrique/Documents/github/desafioBuilders/src/assets/drop-miniature.png": {"path":"/Users/matheushenrique/Documents/github/desafioBuilders/src/assets/drop-miniature.png","statementMap":{"0":{"start":{"line":1,"column":0},"end":{"line":4,"column":6}}},"fnMap":{},"branchMap":{},"s":{"0":5},"f":{},"b":{},"_coverageSchema":"1a1c01bbd47fc00a2c39e90264f33305004495a9","hash":"970193f2b42811689670267946071fb7563d3328"}
,"/Users/matheushenrique/Documents/github/desafioBuilders/src/assets/fog-middle.png": {"path":"/Users/matheushenrique/Documents/github/desafioBuilders/src/assets/fog-middle.png","statementMap":{"0":{"start":{"line":1,"column":0},"end":{"line":4,"column":6}}},"fnMap":{},"branchMap":{},"s":{"0":8},"f":{},"b":{},"_coverageSchema":"1a1c01bbd47fc00a2c39e90264f33305004495a9","hash":"684f68b75d8382009891266827866740930e4467"}
,"/Users/matheushenrique/Documents/github/desafioBuilders/src/assets/fog-night.png": {"path":"/Users/matheushenrique/Documents/github/desafioBuilders/src/assets/fog-night.png","statementMap":{"0":{"start":{"line":1,"column":0},"end":{"line":4,"column":6}}},"fnMap":{},"branchMap":{},"s":{"0":8},"f":{},"b":{},"_coverageSchema":"1a1c01bbd47fc00a2c39e90264f33305004495a9","hash":"d30fbfb91b1c736ed6d429f368aa3adad1ee3d1b"}
,"/Users/matheushenrique/Documents/github/desafioBuilders/src/assets/fog.png": {"path":"/Users/matheushenrique/Documents/github/desafioBuilders/src/assets/fog.png","statementMap":{"0":{"start":{"line":1,"column":0},"end":{"line":4,"column":6}}},"fnMap":{},"branchMap":{},"s":{"0":8},"f":{},"b":{},"_coverageSchema":"1a1c01bbd47fc00a2c39e90264f33305004495a9","hash":"e10e22872e518f42aa3aec31156a78792f4275f7"}
,"/Users/matheushenrique/Documents/github/desafioBuilders/src/assets/freezing-heavy-raining-middle.png": {"path":"/Users/matheushenrique/Documents/github/desafioBuilders/src/assets/freezing-heavy-raining-middle.png","statementMap":{"0":{"start":{"line":1,"column":0},"end":{"line":4,"column":6}}},"fnMap":{},"branchMap":{},"s":{"0":8},"f":{},"b":{},"_coverageSchema":"1a1c01bbd47fc00a2c39e90264f33305004495a9","hash":"2c3da5689bd411d07f5abcd0cfd943e350da18fa"}
,"/Users/matheushenrique/Documents/github/desafioBuilders/src/assets/freezing-heavy-raining-night.png": {"path":"/Users/matheushenrique/Documents/github/desafioBuilders/src/assets/freezing-heavy-raining-night.png","statementMap":{"0":{"start":{"line":1,"column":0},"end":{"line":4,"column":6}}},"fnMap":{},"branchMap":{},"s":{"0":8},"f":{},"b":{},"_coverageSchema":"1a1c01bbd47fc00a2c39e90264f33305004495a9","hash":"edee8ae1af06af3497718c66fdfe905157be6356"}
,"/Users/matheushenrique/Documents/github/desafioBuilders/src/assets/freezing-heavy-raining.png": {"path":"/Users/matheushenrique/Documents/github/desafioBuilders/src/assets/freezing-heavy-raining.png","statementMap":{"0":{"start":{"line":1,"column":0},"end":{"line":4,"column":6}}},"fnMap":{},"branchMap":{},"s":{"0":8},"f":{},"b":{},"_coverageSchema":"1a1c01bbd47fc00a2c39e90264f33305004495a9","hash":"908f14b84eb4626bb7ab72aea0e280eec175a946"}
,"/Users/matheushenrique/Documents/github/desafioBuilders/src/assets/freezing-light-rain-middle.png": {"path":"/Users/matheushenrique/Documents/github/desafioBuilders/src/assets/freezing-light-rain-middle.png","statementMap":{"0":{"start":{"line":1,"column":0},"end":{"line":4,"column":6}}},"fnMap":{},"branchMap":{},"s":{"0":8},"f":{},"b":{},"_coverageSchema":"1a1c01bbd47fc00a2c39e90264f33305004495a9","hash":"67ceb688616112211a651a950869fbbcec7a6d55"}
,"/Users/matheushenrique/Documents/github/desafioBuilders/src/assets/freezing-light-rain-night.png": {"path":"/Users/matheushenrique/Documents/github/desafioBuilders/src/assets/freezing-light-rain-night.png","statementMap":{"0":{"start":{"line":1,"column":0},"end":{"line":4,"column":6}}},"fnMap":{},"branchMap":{},"s":{"0":8},"f":{},"b":{},"_coverageSchema":"1a1c01bbd47fc00a2c39e90264f33305004495a9","hash":"3c9638a280f97f64ca84cb16256e57ce8536d012"}
,"/Users/matheushenrique/Documents/github/desafioBuilders/src/assets/freezing-light-rain.png": {"path":"/Users/matheushenrique/Documents/github/desafioBuilders/src/assets/freezing-light-rain.png","statementMap":{"0":{"start":{"line":1,"column":0},"end":{"line":4,"column":6}}},"fnMap":{},"branchMap":{},"s":{"0":8},"f":{},"b":{},"_coverageSchema":"1a1c01bbd47fc00a2c39e90264f33305004495a9","hash":"50b080e3021efa3fa36357e4b1b748d8ce4b8c14"}
,"/Users/matheushenrique/Documents/github/desafioBuilders/src/assets/freezing-raining-middle.png": {"path":"/Users/matheushenrique/Documents/github/desafioBuilders/src/assets/freezing-raining-middle.png","statementMap":{"0":{"start":{"line":1,"column":0},"end":{"line":4,"column":6}}},"fnMap":{},"branchMap":{},"s":{"0":8},"f":{},"b":{},"_coverageSchema":"1a1c01bbd47fc00a2c39e90264f33305004495a9","hash":"b8f94db0b16e01919ffc2d7150765937ecc59e9f"}
,"/Users/matheushenrique/Documents/github/desafioBuilders/src/assets/freezing-raining-night.png": {"path":"/Users/matheushenrique/Documents/github/desafioBuilders/src/assets/freezing-raining-night.png","statementMap":{"0":{"start":{"line":1,"column":0},"end":{"line":4,"column":6}}},"fnMap":{},"branchMap":{},"s":{"0":8},"f":{},"b":{},"_coverageSchema":"1a1c01bbd47fc00a2c39e90264f33305004495a9","hash":"4043be29fb0f5b53eb482f93effe8ad182f2552b"}
,"/Users/matheushenrique/Documents/github/desafioBuilders/src/assets/freezing-raining.png": {"path":"/Users/matheushenrique/Documents/github/desafioBuilders/src/assets/freezing-raining.png","statementMap":{"0":{"start":{"line":1,"column":0},"end":{"line":4,"column":6}}},"fnMap":{},"branchMap":{},"s":{"0":8},"f":{},"b":{},"_coverageSchema":"1a1c01bbd47fc00a2c39e90264f33305004495a9","hash":"912f12c9a6f0a18cb312390d5d7df14db7981e85"}
,"/Users/matheushenrique/Documents/github/desafioBuilders/src/assets/hailstone-middle.png": {"path":"/Users/matheushenrique/Documents/github/desafioBuilders/src/assets/hailstone-middle.png","statementMap":{"0":{"start":{"line":1,"column":0},"end":{"line":4,"column":6}}},"fnMap":{},"branchMap":{},"s":{"0":8},"f":{},"b":{},"_coverageSchema":"1a1c01bbd47fc00a2c39e90264f33305004495a9","hash":"1562337183abb4ffa6867aeb64b7f8fdc61f8421"}
,"/Users/matheushenrique/Documents/github/desafioBuilders/src/assets/hailstone-night.png": {"path":"/Users/matheushenrique/Documents/github/desafioBuilders/src/assets/hailstone-night.png","statementMap":{"0":{"start":{"line":1,"column":0},"end":{"line":4,"column":6}}},"fnMap":{},"branchMap":{},"s":{"0":8},"f":{},"b":{},"_coverageSchema":"1a1c01bbd47fc00a2c39e90264f33305004495a9","hash":"8b7c989828389e2406a39aed2b113299fe2c6041"}
,"/Users/matheushenrique/Documents/github/desafioBuilders/src/assets/hailstone.png": {"path":"/Users/matheushenrique/Documents/github/desafioBuilders/src/assets/hailstone.png","statementMap":{"0":{"start":{"line":1,"column":0},"end":{"line":4,"column":6}}},"fnMap":{},"branchMap":{},"s":{"0":8},"f":{},"b":{},"_coverageSchema":"1a1c01bbd47fc00a2c39e90264f33305004495a9","hash":"d29ea8923e42a78e2933352078b13800fb9981c1"}
,"/Users/matheushenrique/Documents/github/desafioBuilders/src/assets/heavy-raining-and-thunder-middle.png": {"path":"/Users/matheushenrique/Documents/github/desafioBuilders/src/assets/heavy-raining-and-thunder-middle.png","statementMap":{"0":{"start":{"line":1,"column":0},"end":{"line":4,"column":6}}},"fnMap":{},"branchMap":{},"s":{"0":8},"f":{},"b":{},"_coverageSchema":"1a1c01bbd47fc00a2c39e90264f33305004495a9","hash":"d6ddaf98d08bf171b87ae28b9d83cf5b55258dd8"}
,"/Users/matheushenrique/Documents/github/desafioBuilders/src/assets/heavy-raining-and-thunder-night.png": {"path":"/Users/matheushenrique/Documents/github/desafioBuilders/src/assets/heavy-raining-and-thunder-night.png","statementMap":{"0":{"start":{"line":1,"column":0},"end":{"line":4,"column":6}}},"fnMap":{},"branchMap":{},"s":{"0":8},"f":{},"b":{},"_coverageSchema":"1a1c01bbd47fc00a2c39e90264f33305004495a9","hash":"1ebf0dcd2dd580396ce1747e5b0675dd230b4cea"}
,"/Users/matheushenrique/Documents/github/desafioBuilders/src/assets/heavy-raining-and-thunder.png": {"path":"/Users/matheushenrique/Documents/github/desafioBuilders/src/assets/heavy-raining-and-thunder.png","statementMap":{"0":{"start":{"line":1,"column":0},"end":{"line":4,"column":6}}},"fnMap":{},"branchMap":{},"s":{"0":8},"f":{},"b":{},"_coverageSchema":"1a1c01bbd47fc00a2c39e90264f33305004495a9","hash":"d928de03e69fc38236ad34a53d58512dc0481fa7"}
,"/Users/matheushenrique/Documents/github/desafioBuilders/src/assets/heavy-raining-middle.png": {"path":"/Users/matheushenrique/Documents/github/desafioBuilders/src/assets/heavy-raining-middle.png","statementMap":{"0":{"start":{"line":1,"column":0},"end":{"line":4,"column":6}}},"fnMap":{},"branchMap":{},"s":{"0":8},"f":{},"b":{},"_coverageSchema":"1a1c01bbd47fc00a2c39e90264f33305004495a9","hash":"bb2435e3cb81bd10b983f7475a1269d6b9fdc49e"}
,"/Users/matheushenrique/Documents/github/desafioBuilders/src/assets/heavy-raining-night.png": {"path":"/Users/matheushenrique/Documents/github/desafioBuilders/src/assets/heavy-raining-night.png","statementMap":{"0":{"start":{"line":1,"column":0},"end":{"line":4,"column":6}}},"fnMap":{},"branchMap":{},"s":{"0":8},"f":{},"b":{},"_coverageSchema":"1a1c01bbd47fc00a2c39e90264f33305004495a9","hash":"d08ace20549bbd7c39e639ebc5fa0d47732d9802"}
,"/Users/matheushenrique/Documents/github/desafioBuilders/src/assets/heavy-raining.png": {"path":"/Users/matheushenrique/Documents/github/desafioBuilders/src/assets/heavy-raining.png","statementMap":{"0":{"start":{"line":1,"column":0},"end":{"line":4,"column":6}}},"fnMap":{},"branchMap":{},"s":{"0":8},"f":{},"b":{},"_coverageSchema":"1a1c01bbd47fc00a2c39e90264f33305004495a9","hash":"da30a2df10fa7a9651295bb204f307872d50373d"}
,"/Users/matheushenrique/Documents/github/desafioBuilders/src/assets/icy-fog-middle.png": {"path":"/Users/matheushenrique/Documents/github/desafioBuilders/src/assets/icy-fog-middle.png","statementMap":{"0":{"start":{"line":1,"column":0},"end":{"line":4,"column":6}}},"fnMap":{},"branchMap":{},"s":{"0":8},"f":{},"b":{},"_coverageSchema":"1a1c01bbd47fc00a2c39e90264f33305004495a9","hash":"99d92e7d59945f7915bcd8a7807069633affdffe"}
,"/Users/matheushenrique/Documents/github/desafioBuilders/src/assets/icy-fog-night.png": {"path":"/Users/matheushenrique/Documents/github/desafioBuilders/src/assets/icy-fog-night.png","statementMap":{"0":{"start":{"line":1,"column":0},"end":{"line":4,"column":6}}},"fnMap":{},"branchMap":{},"s":{"0":8},"f":{},"b":{},"_coverageSchema":"1a1c01bbd47fc00a2c39e90264f33305004495a9","hash":"779adb260139d315439222dd5e1bec5a8e8b9522"}
,"/Users/matheushenrique/Documents/github/desafioBuilders/src/assets/icy-fog.png": {"path":"/Users/matheushenrique/Documents/github/desafioBuilders/src/assets/icy-fog.png","statementMap":{"0":{"start":{"line":1,"column":0},"end":{"line":4,"column":6}}},"fnMap":{},"branchMap":{},"s":{"0":8},"f":{},"b":{},"_coverageSchema":"1a1c01bbd47fc00a2c39e90264f33305004495a9","hash":"f77b06257566cb5a45e48fb511609782dc2b2439"}
,"/Users/matheushenrique/Documents/github/desafioBuilders/src/assets/light-rain-middle.png": {"path":"/Users/matheushenrique/Documents/github/desafioBuilders/src/assets/light-rain-middle.png","statementMap":{"0":{"start":{"line":1,"column":0},"end":{"line":4,"column":6}}},"fnMap":{},"branchMap":{},"s":{"0":8},"f":{},"b":{},"_coverageSchema":"1a1c01bbd47fc00a2c39e90264f33305004495a9","hash":"cc9a97dfdb4ebc4ff5fae1067ecfed9d2f90baf3"}
,"/Users/matheushenrique/Documents/github/desafioBuilders/src/assets/light-rain-night.png": {"path":"/Users/matheushenrique/Documents/github/desafioBuilders/src/assets/light-rain-night.png","statementMap":{"0":{"start":{"line":1,"column":0},"end":{"line":4,"column":6}}},"fnMap":{},"branchMap":{},"s":{"0":8},"f":{},"b":{},"_coverageSchema":"1a1c01bbd47fc00a2c39e90264f33305004495a9","hash":"73f8bda8e70a049f2c16510b101598f16374dd5b"}
,"/Users/matheushenrique/Documents/github/desafioBuilders/src/assets/light-rain.png": {"path":"/Users/matheushenrique/Documents/github/desafioBuilders/src/assets/light-rain.png","statementMap":{"0":{"start":{"line":1,"column":0},"end":{"line":4,"column":6}}},"fnMap":{},"branchMap":{},"s":{"0":8},"f":{},"b":{},"_coverageSchema":"1a1c01bbd47fc00a2c39e90264f33305004495a9","hash":"004d0fa5aa5f4273ae23035f7abae3b3b73bf152"}
,"/Users/matheushenrique/Documents/github/desafioBuilders/src/assets/mid-snow-fast-winds.png": {"path":"/Users/matheushenrique/Documents/github/desafioBuilders/src/assets/mid-snow-fast-winds.png","statementMap":{"0":{"start":{"line":1,"column":0},"end":{"line":4,"column":6}}},"fnMap":{},"branchMap":{},"s":{"0":8},"f":{},"b":{},"_coverageSchema":"1a1c01bbd47fc00a2c39e90264f33305004495a9","hash":"28fa86b35b9e862511aaa23c552af637f033674a"}
,"/Users/matheushenrique/Documents/github/desafioBuilders/src/assets/night.png": {"path":"/Users/matheushenrique/Documents/github/desafioBuilders/src/assets/night.png","statementMap":{"0":{"start":{"line":1,"column":0},"end":{"line":4,"column":6}}},"fnMap":{},"branchMap":{},"s":{"0":8},"f":{},"b":{},"_coverageSchema":"1a1c01bbd47fc00a2c39e90264f33305004495a9","hash":"5bb30452ba3287151d78feba5e6086510fd3e051"}
,"/Users/matheushenrique/Documents/github/desafioBuilders/src/assets/raining-and-thunder.png": {"path":"/Users/matheushenrique/Documents/github/desafioBuilders/src/assets/raining-and-thunder.png","statementMap":{"0":{"start":{"line":1,"column":0},"end":{"line":4,"column":6}}},"fnMap":{},"branchMap":{},"s":{"0":8},"f":{},"b":{},"_coverageSchema":"1a1c01bbd47fc00a2c39e90264f33305004495a9","hash":"994b669aaaeac840d1dce0202b57faac19bbebcb"}
,"/Users/matheushenrique/Documents/github/desafioBuilders/src/assets/raining-middle.png": {"path":"/Users/matheushenrique/Documents/github/desafioBuilders/src/assets/raining-middle.png","statementMap":{"0":{"start":{"line":1,"column":0},"end":{"line":4,"column":6}}},"fnMap":{},"branchMap":{},"s":{"0":8},"f":{},"b":{},"_coverageSchema":"1a1c01bbd47fc00a2c39e90264f33305004495a9","hash":"4920464b05ee0089738d73ff412c73c607064ca3"}
,"/Users/matheushenrique/Documents/github/desafioBuilders/src/assets/raining-night.png": {"path":"/Users/matheushenrique/Documents/github/desafioBuilders/src/assets/raining-night.png","statementMap":{"0":{"start":{"line":1,"column":0},"end":{"line":4,"column":6}}},"fnMap":{},"branchMap":{},"s":{"0":8},"f":{},"b":{},"_coverageSchema":"1a1c01bbd47fc00a2c39e90264f33305004495a9","hash":"3062641c6a2d904f7d234048f0418246586f7f54"}
,"/Users/matheushenrique/Documents/github/desafioBuilders/src/assets/raining.png": {"path":"/Users/matheushenrique/Documents/github/desafioBuilders/src/assets/raining.png","statementMap":{"0":{"start":{"line":1,"column":0},"end":{"line":4,"column":6}}},"fnMap":{},"branchMap":{},"s":{"0":8},"f":{},"b":{},"_coverageSchema":"1a1c01bbd47fc00a2c39e90264f33305004495a9","hash":"2d6034a82b9cce0ce1664097e7d7318f23a0134c"}
,"/Users/matheushenrique/Documents/github/desafioBuilders/src/assets/sand-dust-cloud.png": {"path":"/Users/matheushenrique/Documents/github/desafioBuilders/src/assets/sand-dust-cloud.png","statementMap":{"0":{"start":{"line":1,"column":0},"end":{"line":4,"column":6}}},"fnMap":{},"branchMap":{},"s":{"0":8},"f":{},"b":{},"_coverageSchema":"1a1c01bbd47fc00a2c39e90264f33305004495a9","hash":"af5658ef5b4b3ef0b259a57b33f637ff00cb60f4"}
,"/Users/matheushenrique/Documents/github/desafioBuilders/src/assets/sand-dust-whirls.png": {"path":"/Users/matheushenrique/Documents/github/desafioBuilders/src/assets/sand-dust-whirls.png","statementMap":{"0":{"start":{"line":1,"column":0},"end":{"line":4,"column":6}}},"fnMap":{},"branchMap":{},"s":{"0":8},"f":{},"b":{},"_coverageSchema":"1a1c01bbd47fc00a2c39e90264f33305004495a9","hash":"df59667d9a205fc9d1a2f8bf8095db3b5f3e3aa4"}
,"/Users/matheushenrique/Documents/github/desafioBuilders/src/assets/snow-heavy-raining-middle.png": {"path":"/Users/matheushenrique/Documents/github/desafioBuilders/src/assets/snow-heavy-raining-middle.png","statementMap":{"0":{"start":{"line":1,"column":0},"end":{"line":4,"column":6}}},"fnMap":{},"branchMap":{},"s":{"0":8},"f":{},"b":{},"_coverageSchema":"1a1c01bbd47fc00a2c39e90264f33305004495a9","hash":"103bbad75b300c48cdd26444ae756d393e7f3e82"}
,"/Users/matheushenrique/Documents/github/desafioBuilders/src/assets/snow-heavy-raining-night.png": {"path":"/Users/matheushenrique/Documents/github/desafioBuilders/src/assets/snow-heavy-raining-night.png","statementMap":{"0":{"start":{"line":1,"column":0},"end":{"line":4,"column":6}}},"fnMap":{},"branchMap":{},"s":{"0":8},"f":{},"b":{},"_coverageSchema":"1a1c01bbd47fc00a2c39e90264f33305004495a9","hash":"49cf54312a9b1d2a7090f3d5f3e8af63de497755"}
,"/Users/matheushenrique/Documents/github/desafioBuilders/src/assets/snow-heavy-raining.png": {"path":"/Users/matheushenrique/Documents/github/desafioBuilders/src/assets/snow-heavy-raining.png","statementMap":{"0":{"start":{"line":1,"column":0},"end":{"line":4,"column":6}}},"fnMap":{},"branchMap":{},"s":{"0":8},"f":{},"b":{},"_coverageSchema":"1a1c01bbd47fc00a2c39e90264f33305004495a9","hash":"ede18c14f0bd9fc58972a5b680b458ff88e5cc2f"}
,"/Users/matheushenrique/Documents/github/desafioBuilders/src/assets/snow-light-rain-middle.png": {"path":"/Users/matheushenrique/Documents/github/desafioBuilders/src/assets/snow-light-rain-middle.png","statementMap":{"0":{"start":{"line":1,"column":0},"end":{"line":4,"column":6}}},"fnMap":{},"branchMap":{},"s":{"0":8},"f":{},"b":{},"_coverageSchema":"1a1c01bbd47fc00a2c39e90264f33305004495a9","hash":"d785fb001152f979ea74ad392dbd255dab34324f"}
,"/Users/matheushenrique/Documents/github/desafioBuilders/src/assets/snow-light-rain-night.png": {"path":"/Users/matheushenrique/Documents/github/desafioBuilders/src/assets/snow-light-rain-night.png","statementMap":{"0":{"start":{"line":1,"column":0},"end":{"line":4,"column":6}}},"fnMap":{},"branchMap":{},"s":{"0":8},"f":{},"b":{},"_coverageSchema":"1a1c01bbd47fc00a2c39e90264f33305004495a9","hash":"0eb33d2d462fd15bddf0cc65ac103c261f063b38"}
,"/Users/matheushenrique/Documents/github/desafioBuilders/src/assets/snow-light-rain.png": {"path":"/Users/matheushenrique/Documents/github/desafioBuilders/src/assets/snow-light-rain.png","statementMap":{"0":{"start":{"line":1,"column":0},"end":{"line":4,"column":6}}},"fnMap":{},"branchMap":{},"s":{"0":8},"f":{},"b":{},"_coverageSchema":"1a1c01bbd47fc00a2c39e90264f33305004495a9","hash":"5a143f41285219183e33c0fe8a86153add231882"}
,"/Users/matheushenrique/Documents/github/desafioBuilders/src/assets/snow-with-thunder.png": {"path":"/Users/matheushenrique/Documents/github/desafioBuilders/src/assets/snow-with-thunder.png","statementMap":{"0":{"start":{"line":1,"column":0},"end":{"line":4,"column":6}}},"fnMap":{},"branchMap":{},"s":{"0":8},"f":{},"b":{},"_coverageSchema":"1a1c01bbd47fc00a2c39e90264f33305004495a9","hash":"860ae8fd0fe26f30f6879dae8efbfe176f1f7fed"}
,"/Users/matheushenrique/Documents/github/desafioBuilders/src/assets/snow.png": {"path":"/Users/matheushenrique/Documents/github/desafioBuilders/src/assets/snow.png","statementMap":{"0":{"start":{"line":1,"column":0},"end":{"line":4,"column":6}}},"fnMap":{},"branchMap":{},"s":{"0":8},"f":{},"b":{},"_coverageSchema":"1a1c01bbd47fc00a2c39e90264f33305004495a9","hash":"675587fa4703fbd83f12d6d2780a1bfa406cc33b"}
,"/Users/matheushenrique/Documents/github/desafioBuilders/src/assets/snowing-middle.png": {"path":"/Users/matheushenrique/Documents/github/desafioBuilders/src/assets/snowing-middle.png","statementMap":{"0":{"start":{"line":1,"column":0},"end":{"line":4,"column":6}}},"fnMap":{},"branchMap":{},"s":{"0":8},"f":{},"b":{},"_coverageSchema":"1a1c01bbd47fc00a2c39e90264f33305004495a9","hash":"7906a09db2cbfb2386da515b007a8ab6473b40b6"}
,"/Users/matheushenrique/Documents/github/desafioBuilders/src/assets/snowing-night.png": {"path":"/Users/matheushenrique/Documents/github/desafioBuilders/src/assets/snowing-night.png","statementMap":{"0":{"start":{"line":1,"column":0},"end":{"line":4,"column":6}}},"fnMap":{},"branchMap":{},"s":{"0":8},"f":{},"b":{},"_coverageSchema":"1a1c01bbd47fc00a2c39e90264f33305004495a9","hash":"1665e0d9a1c8c1b799f2a46dc8e264f4489c0bc2"}
,"/Users/matheushenrique/Documents/github/desafioBuilders/src/assets/snowing.png": {"path":"/Users/matheushenrique/Documents/github/desafioBuilders/src/assets/snowing.png","statementMap":{"0":{"start":{"line":1,"column":0},"end":{"line":4,"column":6}}},"fnMap":{},"branchMap":{},"s":{"0":8},"f":{},"b":{},"_coverageSchema":"1a1c01bbd47fc00a2c39e90264f33305004495a9","hash":"4efeae6b37cdd38a1070fdd7b30a3b265734f86e"}
,"/Users/matheushenrique/Documents/github/desafioBuilders/src/assets/squalls.png": {"path":"/Users/matheushenrique/Documents/github/desafioBuilders/src/assets/squalls.png","statementMap":{"0":{"start":{"line":1,"column":0},"end":{"line":4,"column":6}}},"fnMap":{},"branchMap":{},"s":{"0":8},"f":{},"b":{},"_coverageSchema":"1a1c01bbd47fc00a2c39e90264f33305004495a9","hash":"1c13653b1b0ecbc6eddf17cfad54a1932f9ed4dc"}
,"/Users/matheushenrique/Documents/github/desafioBuilders/src/assets/sun.png": {"path":"/Users/matheushenrique/Documents/github/desafioBuilders/src/assets/sun.png","statementMap":{"0":{"start":{"line":1,"column":0},"end":{"line":4,"column":6}}},"fnMap":{},"branchMap":{},"s":{"0":8},"f":{},"b":{},"_coverageSchema":"1a1c01bbd47fc00a2c39e90264f33305004495a9","hash":"7b22a8941846fad2aeed63cdbafbb89800277caf"}
,"/Users/matheushenrique/Documents/github/desafioBuilders/src/assets/thunder-middle.png": {"path":"/Users/matheushenrique/Documents/github/desafioBuilders/src/assets/thunder-middle.png","statementMap":{"0":{"start":{"line":1,"column":0},"end":{"line":4,"column":6}}},"fnMap":{},"branchMap":{},"s":{"0":8},"f":{},"b":{},"_coverageSchema":"1a1c01bbd47fc00a2c39e90264f33305004495a9","hash":"bba52e43e4e030404f3cc95142a067fa16a61d20"}
,"/Users/matheushenrique/Documents/github/desafioBuilders/src/assets/thunder-night.png": {"path":"/Users/matheushenrique/Documents/github/desafioBuilders/src/assets/thunder-night.png","statementMap":{"0":{"start":{"line":1,"column":0},"end":{"line":4,"column":6}}},"fnMap":{},"branchMap":{},"s":{"0":8},"f":{},"b":{},"_coverageSchema":"1a1c01bbd47fc00a2c39e90264f33305004495a9","hash":"19212f544085043da7d508580f4385b197ef278b"}
,"/Users/matheushenrique/Documents/github/desafioBuilders/src/assets/thunder.png": {"path":"/Users/matheushenrique/Documents/github/desafioBuilders/src/assets/thunder.png","statementMap":{"0":{"start":{"line":1,"column":0},"end":{"line":4,"column":6}}},"fnMap":{},"branchMap":{},"s":{"0":8},"f":{},"b":{},"_coverageSchema":"1a1c01bbd47fc00a2c39e90264f33305004495a9","hash":"9c0f40b539a46e42cf3ae46cfecc9a9bc9a4016f"}
,"/Users/matheushenrique/Documents/github/desafioBuilders/src/assets/tornado.png": {"path":"/Users/matheushenrique/Documents/github/desafioBuilders/src/assets/tornado.png","statementMap":{"0":{"start":{"line":1,"column":0},"end":{"line":4,"column":6}}},"fnMap":{},"branchMap":{},"s":{"0":8},"f":{},"b":{},"_coverageSchema":"1a1c01bbd47fc00a2c39e90264f33305004495a9","hash":"30c2c6ad6fe6afa94e2bc5f17e3463a5750febfc"}
,"/Users/matheushenrique/Documents/github/desafioBuilders/src/assets/volcanic-ash-cloud.png": {"path":"/Users/matheushenrique/Documents/github/desafioBuilders/src/assets/volcanic-ash-cloud.png","statementMap":{"0":{"start":{"line":1,"column":0},"end":{"line":4,"column":6}}},"fnMap":{},"branchMap":{},"s":{"0":8},"f":{},"b":{},"_coverageSchema":"1a1c01bbd47fc00a2c39e90264f33305004495a9","hash":"6cb1494aa1f60cd970c5fd1f29a7e05f5b3870fa"}
,"/Users/matheushenrique/Documents/github/desafioBuilders/src/assets/waterdrop-middle.png": {"path":"/Users/matheushenrique/Documents/github/desafioBuilders/src/assets/waterdrop-middle.png","statementMap":{"0":{"start":{"line":1,"column":0},"end":{"line":4,"column":6}}},"fnMap":{},"branchMap":{},"s":{"0":8},"f":{},"b":{},"_coverageSchema":"1a1c01bbd47fc00a2c39e90264f33305004495a9","hash":"fdcea7d357f38f6b5e30b4c322aea4bf71160ed9"}
,"/Users/matheushenrique/Documents/github/desafioBuilders/src/assets/waterdrop-night.png": {"path":"/Users/matheushenrique/Documents/github/desafioBuilders/src/assets/waterdrop-night.png","statementMap":{"0":{"start":{"line":1,"column":0},"end":{"line":4,"column":6}}},"fnMap":{},"branchMap":{},"s":{"0":8},"f":{},"b":{},"_coverageSchema":"1a1c01bbd47fc00a2c39e90264f33305004495a9","hash":"d3bab2a1f7eec9e1e6ed3734d643daf36e78b912"}
,"/Users/matheushenrique/Documents/github/desafioBuilders/src/assets/waterdrop.png": {"path":"/Users/matheushenrique/Documents/github/desafioBuilders/src/assets/waterdrop.png","statementMap":{"0":{"start":{"line":1,"column":0},"end":{"line":4,"column":6}}},"fnMap":{},"branchMap":{},"s":{"0":8},"f":{},"b":{},"_coverageSchema":"1a1c01bbd47fc00a2c39e90264f33305004495a9","hash":"6a12280a4e2d3a0fc90cb42f3d7deddc5dcb6a2f"}
,"/Users/matheushenrique/Documents/github/desafioBuilders/src/assets/wind-miniature.png": {"path":"/Users/matheushenrique/Documents/github/desafioBuilders/src/assets/wind-miniature.png","statementMap":{"0":{"start":{"line":1,"column":0},"end":{"line":4,"column":6}}},"fnMap":{},"branchMap":{},"s":{"0":5},"f":{},"b":{},"_coverageSchema":"1a1c01bbd47fc00a2c39e90264f33305004495a9","hash":"bae034649934557e9d39ee2960f74dbfc0e8b34a"}
,"/Users/matheushenrique/Documents/github/desafioBuilders/src/components/Card/index.tsx": {"path":"/Users/matheushenrique/Documents/github/desafioBuilders/src/components/Card/index.tsx","statementMap":{"0":{"start":{"line":6,"column":20},"end":{"line":12,"column":1}},"1":{"start":{"line":7,"column":22},"end":{"line":7,"column":55}},"2":{"start":{"line":8,"column":31},"end":{"line":8,"column":48}},"3":{"start":{"line":10,"column":31},"end":{"line":10,"column":69}}},"fnMap":{"0":{"name":"(anonymous_0)","decl":{"start":{"line":7,"column":13},"end":{"line":7,"column":14}},"loc":{"start":{"line":7,"column":22},"end":{"line":7,"column":55}},"line":7},"1":{"name":"(anonymous_1)","decl":{"start":{"line":8,"column":22},"end":{"line":8,"column":23}},"loc":{"start":{"line":8,"column":31},"end":{"line":8,"column":48}},"line":8},"2":{"name":"(anonymous_2)","decl":{"start":{"line":10,"column":22},"end":{"line":10,"column":23}},"loc":{"start":{"line":10,"column":31},"end":{"line":10,"column":69}},"line":10}},"branchMap":{"0":{"loc":{"start":{"line":7,"column":32},"end":{"line":7,"column":54}},"type":"binary-expr","locations":[{"start":{"line":7,"column":32},"end":{"line":7,"column":48}},{"start":{"line":7,"column":52},"end":{"line":7,"column":54}}],"line":7},"1":{"loc":{"start":{"line":10,"column":31},"end":{"line":10,"column":69}},"type":"binary-expr","locations":[{"start":{"line":10,"column":31},"end":{"line":10,"column":49}},{"start":{"line":10,"column":53},"end":{"line":10,"column":69}}],"line":10}},"s":{"0":7,"1":23,"2":23,"3":23},"f":{"0":23,"1":23,"2":23},"b":{"0":[23,14],"1":[23,14]},"_coverageSchema":"1a1c01bbd47fc00a2c39e90264f33305004495a9","hash":"cdeb76cbcfcf8ccc7fcbbbbacc6257c3b66c575f"}
,"/Users/matheushenrique/Documents/github/desafioBuilders/src/components/Column/index.tsx": {"path":"/Users/matheushenrique/Documents/github/desafioBuilders/src/components/Column/index.tsx","statementMap":{"0":{"start":{"line":4,"column":22},"end":{"line":10,"column":1}},"1":{"start":{"line":6,"column":30},"end":{"line":6,"column":55}},"2":{"start":{"line":7,"column":26},"end":{"line":7,"column":49}},"3":{"start":{"line":9,"column":22},"end":{"line":9,"column":41}},"4":{"start":{"line":9,"column":56},"end":{"line":9,"column":77}}},"fnMap":{"0":{"name":"(anonymous_0)","decl":{"start":{"line":6,"column":21},"end":{"line":6,"column":22}},"loc":{"start":{"line":6,"column":30},"end":{"line":6,"column":55}},"line":6},"1":{"name":"(anonymous_1)","decl":{"start":{"line":7,"column":17},"end":{"line":7,"column":18}},"loc":{"start":{"line":7,"column":26},"end":{"line":7,"column":49}},"line":7},"2":{"name":"(anonymous_2)","decl":{"start":{"line":9,"column":13},"end":{"line":9,"column":14}},"loc":{"start":{"line":9,"column":22},"end":{"line":9,"column":41}},"line":9},"3":{"name":"(anonymous_3)","decl":{"start":{"line":9,"column":47},"end":{"line":9,"column":48}},"loc":{"start":{"line":9,"column":56},"end":{"line":9,"column":77}},"line":9}},"branchMap":{"0":{"loc":{"start":{"line":6,"column":30},"end":{"line":6,"column":55}},"type":"binary-expr","locations":[{"start":{"line":6,"column":30},"end":{"line":6,"column":43}},{"start":{"line":6,"column":47},"end":{"line":6,"column":55}}],"line":6},"1":{"loc":{"start":{"line":7,"column":26},"end":{"line":7,"column":49}},"type":"binary-expr","locations":[{"start":{"line":7,"column":26},"end":{"line":7,"column":37}},{"start":{"line":7,"column":41},"end":{"line":7,"column":49}}],"line":7},"2":{"loc":{"start":{"line":9,"column":22},"end":{"line":9,"column":41}},"type":"binary-expr","locations":[{"start":{"line":9,"column":22},"end":{"line":9,"column":36}},{"start":{"line":9,"column":40},"end":{"line":9,"column":41}}],"line":9},"3":{"loc":{"start":{"line":9,"column":56},"end":{"line":9,"column":77}},"type":"binary-expr","locations":[{"start":{"line":9,"column":56},"end":{"line":9,"column":72}},{"start":{"line":9,"column":76},"end":{"line":9,"column":77}}],"line":9}},"s":{"0":11,"1":116,"2":116,"3":116,"4":116},"f":{"0":116,"1":116,"2":116,"3":116},"b":{"0":[116,115],"1":[116,102],"2":[116,115],"3":[116,107]},"_coverageSchema":"1a1c01bbd47fc00a2c39e90264f33305004495a9","hash":"29430303cfabba1ff0e114731a9d62ff79615cd9"}
,"/Users/matheushenrique/Documents/github/desafioBuilders/src/components/Container/index.tsx": {"path":"/Users/matheushenrique/Documents/github/desafioBuilders/src/components/Container/index.tsx","statementMap":{"0":{"start":{"line":9,"column":40},"end":{"line":45,"column":1}},"1":{"start":{"line":10,"column":2},"end":{"line":44,"column":4}}},"fnMap":{"0":{"name":"(anonymous_0)","decl":{"start":{"line":9,"column":40},"end":{"line":9,"column":41}},"loc":{"start":{"line":9,"column":74},"end":{"line":45,"column":1}},"line":9}},"branchMap":{"0":{"loc":{"start":{"line":32,"column":11},"end":{"line":40,"column":11}},"type":"cond-expr","locations":[{"start":{"line":33,"column":12},"end":{"line":33,"column":53}},{"start":{"line":35,"column":12},"end":{"line":39,"column":25}}],"line":32},"1":{"loc":{"start":{"line":36,"column":22},"end":{"line":36,"column":40}},"type":"binary-expr","locations":[{"start":{"line":36,"column":22},"end":{"line":36,"column":28}},{"start":{"line":36,"column":32},"end":{"line":36,"column":40}}],"line":36}},"s":{"0":2,"1":4},"f":{"0":4},"b":{"0":[2,2],"1":[2,2]},"_coverageSchema":"1a1c01bbd47fc00a2c39e90264f33305004495a9","hash":"d353bfe893043ff8f1509969d5f216e6465894d0"}
,"/Users/matheushenrique/Documents/github/desafioBuilders/src/components/Container/styles.tsx": {"path":"/Users/matheushenrique/Documents/github/desafioBuilders/src/components/Container/styles.tsx","statementMap":{"0":{"start":{"line":4,"column":23},"end":{"line":6,"column":1}},"1":{"start":{"line":8,"column":20},"end":{"line":10,"column":1}}},"fnMap":{},"branchMap":{},"s":{"0":2,"1":2},"f":{},"b":{},"_coverageSchema":"1a1c01bbd47fc00a2c39e90264f33305004495a9","hash":"c75d8efbc420a1d045b5b7d0daf8ff612da6a520"}
,"/Users/matheushenrique/Documents/github/desafioBuilders/src/components/Header/index.tsx": {"path":"/Users/matheushenrique/Documents/github/desafioBuilders/src/components/Header/index.tsx","statementMap":{"0":{"start":{"line":16,"column":33},"end":{"line":42,"column":1}},"1":{"start":{"line":17,"column":2},"end":{"line":41,"column":4}}},"fnMap":{"0":{"name":"(anonymous_0)","decl":{"start":{"line":16,"column":33},"end":{"line":16,"column":34}},"loc":{"start":{"line":16,"column":57},"end":{"line":42,"column":1}},"line":16}},"branchMap":{},"s":{"0":4,"1":9},"f":{"0":9},"b":{},"_coverageSchema":"1a1c01bbd47fc00a2c39e90264f33305004495a9","hash":"0103a355dab702eaba2026cc57c53eb21da4fdcd"}
,"/Users/matheushenrique/Documents/github/desafioBuilders/src/components/Image/index.tsx": {"path":"/Users/matheushenrique/Documents/github/desafioBuilders/src/components/Image/index.tsx","statementMap":{"0":{"start":{"line":14,"column":36},"end":{"line":30,"column":1}},"1":{"start":{"line":15,"column":2},"end":{"line":29,"column":4}}},"fnMap":{"0":{"name":"(anonymous_0)","decl":{"start":{"line":14,"column":36},"end":{"line":14,"column":37}},"loc":{"start":{"line":14,"column":70},"end":{"line":30,"column":1}},"line":14}},"branchMap":{"0":{"loc":{"start":{"line":17,"column":7},"end":{"line":27,"column":7}},"type":"cond-expr","locations":[{"start":{"line":18,"column":8},"end":{"line":18,"column":31}},{"start":{"line":20,"column":8},"end":{"line":26,"column":10}}],"line":17},"1":{"loc":{"start":{"line":22,"column":19},"end":{"line":22,"column":51}},"type":"binary-expr","locations":[{"start":{"line":22,"column":19},"end":{"line":22,"column":34}},{"start":{"line":22,"column":38},"end":{"line":22,"column":51}}],"line":22},"2":{"loc":{"start":{"line":23,"column":20},"end":{"line":23,"column":73}},"type":"binary-expr","locations":[{"start":{"line":23,"column":20},"end":{"line":23,"column":37}},{"start":{"line":23,"column":41},"end":{"line":23,"column":56}},{"start":{"line":23,"column":60},"end":{"line":23,"column":73}}],"line":23}},"s":{"0":8,"1":58},"f":{"0":58},"b":{"0":[3,55],"1":[55,3],"2":[55,16,3]},"_coverageSchema":"1a1c01bbd47fc00a2c39e90264f33305004495a9","hash":"c2f72ce08f2e2b0e19025fcc9ab60d4e36ee2545"}
,"/Users/matheushenrique/Documents/github/desafioBuilders/src/components/Info/index.tsx": {"path":"/Users/matheushenrique/Documents/github/desafioBuilders/src/components/Info/index.tsx","statementMap":{"0":{"start":{"line":45,"column":31},"end":{"line":120,"column":1}},"1":{"start":{"line":55,"column":2},"end":{"line":119,"column":4}}},"fnMap":{"0":{"name":"(anonymous_0)","decl":{"start":{"line":45,"column":31},"end":{"line":45,"column":32}},"loc":{"start":{"line":54,"column":6},"end":{"line":120,"column":1}},"line":54}},"branchMap":{},"s":{"0":5,"1":13},"f":{"0":13},"b":{},"_coverageSchema":"1a1c01bbd47fc00a2c39e90264f33305004495a9","hash":"b2c06bdd56aef1b733f6dfd5bf993b34be18d432"}
,"/Users/matheushenrique/Documents/github/desafioBuilders/src/components/InfoTomorrow/index.tsx": {"path":"/Users/matheushenrique/Documents/github/desafioBuilders/src/components/InfoTomorrow/index.tsx","statementMap":{"0":{"start":{"line":34,"column":46},"end":{"line":134,"column":1}},"1":{"start":{"line":42,"column":19},"end":{"line":42,"column":34}},"2":{"start":{"line":44,"column":2},"end":{"line":133,"column":4}}},"fnMap":{"0":{"name":"(anonymous_0)","decl":{"start":{"line":34,"column":46},"end":{"line":34,"column":47}},"loc":{"start":{"line":41,"column":6},"end":{"line":134,"column":1}},"line":41}},"branchMap":{"0":{"loc":{"start":{"line":70,"column":13},"end":{"line":83,"column":13}},"type":"binary-expr","locations":[{"start":{"line":70,"column":13},"end":{"line":70,"column":24}},{"start":{"line":71,"column":14},"end":{"line":82,"column":16}}],"line":70},"1":{"loc":{"start":{"line":77,"column":20},"end":{"line":77,"column":54}},"type":"binary-expr","locations":[{"start":{"line":77,"column":20},"end":{"line":77,"column":48}},{"start":{"line":77,"column":52},"end":{"line":77,"column":54}}],"line":77},"2":{"loc":{"start":{"line":90,"column":15},"end":{"line":90,"column":32}},"type":"binary-expr","locations":[{"start":{"line":90,"column":15},"end":{"line":90,"column":20}},{"start":{"line":90,"column":24},"end":{"line":90,"column":32}}],"line":90},"3":{"loc":{"start":{"line":100,"column":23},"end":{"line":100,"column":59}},"type":"binary-expr","locations":[{"start":{"line":100,"column":23},"end":{"line":100,"column":53}},{"start":{"line":100,"column":57},"end":{"line":100,"column":59}}],"line":100},"4":{"loc":{"start":{"line":111,"column":25},"end":{"line":111,"column":61}},"type":"binary-expr","locations":[{"start":{"line":111,"column":25},"end":{"line":111,"column":55}},{"start":{"line":111,"column":59},"end":{"line":111,"column":61}}],"line":111},"5":{"loc":{"start":{"line":125,"column":21},"end":{"line":125,"column":54}},"type":"binary-expr","locations":[{"start":{"line":125,"column":21},"end":{"line":125,"column":48}},{"start":{"line":125,"column":52},"end":{"line":125,"column":54}}],"line":125},"6":{"loc":{"start":{"line":126,"column":23},"end":{"line":126,"column":56}},"type":"binary-expr","locations":[{"start":{"line":126,"column":23},"end":{"line":126,"column":50}},{"start":{"line":126,"column":54},"end":{"line":126,"column":56}}],"line":126},"7":{"loc":{"start":{"line":127,"column":20},"end":{"line":127,"column":56}},"type":"binary-expr","locations":[{"start":{"line":127,"column":20},"end":{"line":127,"column":50}},{"start":{"line":127,"column":54},"end":{"line":127,"column":56}}],"line":127}},"s":{"0":3,"1":7,"2":7},"f":{"0":7},"b":{"0":[7,4],"1":[4,4],"2":[7,7],"3":[7,7],"4":[7,7],"5":[7,7],"6":[7,7],"7":[7,7]},"_coverageSchema":"1a1c01bbd47fc00a2c39e90264f33305004495a9","hash":"4e5d572da52b4612265e56f6c82fe9f4b90a5f43"}
,"/Users/matheushenrique/Documents/github/desafioBuilders/src/components/Margin/index.tsx": {"path":"/Users/matheushenrique/Documents/github/desafioBuilders/src/components/Margin/index.tsx","statementMap":{"0":{"start":{"line":9,"column":22},"end":{"line":12,"column":1}},"1":{"start":{"line":10,"column":25},"end":{"line":10,"column":46}},"2":{"start":{"line":11,"column":26},"end":{"line":11,"column":48}}},"fnMap":{"0":{"name":"(anonymous_0)","decl":{"start":{"line":10,"column":12},"end":{"line":10,"column":13}},"loc":{"start":{"line":10,"column":25},"end":{"line":10,"column":46}},"line":10},"1":{"name":"(anonymous_1)","decl":{"start":{"line":11,"column":12},"end":{"line":11,"column":13}},"loc":{"start":{"line":11,"column":26},"end":{"line":11,"column":48}},"line":11}},"branchMap":{"0":{"loc":{"start":{"line":10,"column":25},"end":{"line":10,"column":46}},"type":"binary-expr","locations":[{"start":{"line":10,"column":25},"end":{"line":10,"column":41}},{"start":{"line":10,"column":45},"end":{"line":10,"column":46}}],"line":10},"1":{"loc":{"start":{"line":11,"column":26},"end":{"line":11,"column":48}},"type":"binary-expr","locations":[{"start":{"line":11,"column":26},"end":{"line":11,"column":43}},{"start":{"line":11,"column":47},"end":{"line":11,"column":48}}],"line":11}},"s":{"0":8,"1":162,"2":162},"f":{"0":162,"1":162},"b":{"0":[162,145],"1":[162,21]},"_coverageSchema":"1a1c01bbd47fc00a2c39e90264f33305004495a9","hash":"377624ce8f874cb955b59615b1412072f925a9e2"}
,"/Users/matheushenrique/Documents/github/desafioBuilders/src/components/Row/index.tsx": {"path":"/Users/matheushenrique/Documents/github/desafioBuilders/src/components/Row/index.tsx","statementMap":{"0":{"start":{"line":4,"column":19},"end":{"line":11,"column":1}},"1":{"start":{"line":7,"column":30},"end":{"line":7,"column":55}},"2":{"start":{"line":8,"column":26},"end":{"line":8,"column":49}},"3":{"start":{"line":10,"column":22},"end":{"line":10,"column":41}},"4":{"start":{"line":10,"column":56},"end":{"line":10,"column":77}}},"fnMap":{"0":{"name":"(anonymous_0)","decl":{"start":{"line":7,"column":21},"end":{"line":7,"column":22}},"loc":{"start":{"line":7,"column":30},"end":{"line":7,"column":55}},"line":7},"1":{"name":"(anonymous_1)","decl":{"start":{"line":8,"column":17},"end":{"line":8,"column":18}},"loc":{"start":{"line":8,"column":26},"end":{"line":8,"column":49}},"line":8},"2":{"name":"(anonymous_2)","decl":{"start":{"line":10,"column":13},"end":{"line":10,"column":14}},"loc":{"start":{"line":10,"column":22},"end":{"line":10,"column":41}},"line":10},"3":{"name":"(anonymous_3)","decl":{"start":{"line":10,"column":47},"end":{"line":10,"column":48}},"loc":{"start":{"line":10,"column":56},"end":{"line":10,"column":77}},"line":10}},"branchMap":{"0":{"loc":{"start":{"line":7,"column":30},"end":{"line":7,"column":55}},"type":"binary-expr","locations":[{"start":{"line":7,"column":30},"end":{"line":7,"column":43}},{"start":{"line":7,"column":47},"end":{"line":7,"column":55}}],"line":7},"1":{"loc":{"start":{"line":8,"column":26},"end":{"line":8,"column":49}},"type":"binary-expr","locations":[{"start":{"line":8,"column":26},"end":{"line":8,"column":37}},{"start":{"line":8,"column":41},"end":{"line":8,"column":49}}],"line":8},"2":{"loc":{"start":{"line":10,"column":22},"end":{"line":10,"column":41}},"type":"binary-expr","locations":[{"start":{"line":10,"column":22},"end":{"line":10,"column":36}},{"start":{"line":10,"column":40},"end":{"line":10,"column":41}}],"line":10},"3":{"loc":{"start":{"line":10,"column":56},"end":{"line":10,"column":77}},"type":"binary-expr","locations":[{"start":{"line":10,"column":56},"end":{"line":10,"column":72}},{"start":{"line":10,"column":76},"end":{"line":10,"column":77}}],"line":10}},"s":{"0":11,"1":117,"2":117,"3":117,"4":117},"f":{"0":117,"1":117,"2":117,"3":117},"b":{"0":[117,91],"1":[117,47],"2":[117,103],"3":[117,110]},"_coverageSchema":"1a1c01bbd47fc00a2c39e90264f33305004495a9","hash":"5a0cc8f0d0bc07d858a5ce3260e10e2bfbd5b147"}
,"/Users/matheushenrique/Documents/github/desafioBuilders/src/components/Separator/index.tsx": {"path":"/Users/matheushenrique/Documents/github/desafioBuilders/src/components/Separator/index.tsx","statementMap":{"0":{"start":{"line":5,"column":25},"end":{"line":10,"column":1}}},"fnMap":{},"branchMap":{},"s":{"0":6},"f":{},"b":{},"_coverageSchema":"1a1c01bbd47fc00a2c39e90264f33305004495a9","hash":"4a69d1f43f39003a03a13c8184bf56b79e903086"}
,"/Users/matheushenrique/Documents/github/desafioBuilders/src/components/Text/index.tsx": {"path":"/Users/matheushenrique/Documents/github/desafioBuilders/src/components/Text/index.tsx","statementMap":{"0":{"start":{"line":5,"column":20},"end":{"line":11,"column":1}},"1":{"start":{"line":6,"column":20},"end":{"line":6,"column":31}},"2":{"start":{"line":7,"column":24},"end":{"line":7,"column":63}},"3":{"start":{"line":8,"column":26},"end":{"line":8,"column":45}},"4":{"start":{"line":9,"column":26},"end":{"line":9,"column":63}}},"fnMap":{"0":{"name":"(anonymous_0)","decl":{"start":{"line":6,"column":11},"end":{"line":6,"column":12}},"loc":{"start":{"line":6,"column":20},"end":{"line":6,"column":31}},"line":6},"1":{"name":"(anonymous_1)","decl":{"start":{"line":7,"column":15},"end":{"line":7,"column":16}},"loc":{"start":{"line":7,"column":24},"end":{"line":7,"column":63}},"line":7},"2":{"name":"(anonymous_2)","decl":{"start":{"line":8,"column":17},"end":{"line":8,"column":18}},"loc":{"start":{"line":8,"column":26},"end":{"line":8,"column":45}},"line":8},"3":{"name":"(anonymous_3)","decl":{"start":{"line":9,"column":17},"end":{"line":9,"column":18}},"loc":{"start":{"line":9,"column":26},"end":{"line":9,"column":63}},"line":9}},"branchMap":{"0":{"loc":{"start":{"line":7,"column":24},"end":{"line":7,"column":63}},"type":"binary-expr","locations":[{"start":{"line":7,"column":24},"end":{"line":7,"column":46}},{"start":{"line":7,"column":50},"end":{"line":7,"column":63}}],"line":7},"1":{"loc":{"start":{"line":8,"column":26},"end":{"line":8,"column":45}},"type":"binary-expr","locations":[{"start":{"line":8,"column":26},"end":{"line":8,"column":38}},{"start":{"line":8,"column":42},"end":{"line":8,"column":45}}],"line":8},"2":{"loc":{"start":{"line":9,"column":26},"end":{"line":9,"column":63}},"type":"binary-expr","locations":[{"start":{"line":9,"column":26},"end":{"line":9,"column":42}},{"start":{"line":9,"column":46},"end":{"line":9,"column":63}}],"line":9}},"s":{"0":11,"1":208,"2":208,"3":208,"4":208},"f":{"0":208,"1":208,"2":208,"3":208},"b":{"0":[208,21],"1":[208,73],"2":[208,71]},"_coverageSchema":"1a1c01bbd47fc00a2c39e90264f33305004495a9","hash":"b8de0067965f676ba7f4a2913e79e58370c5bb9e"}
,"/Users/matheushenrique/Documents/github/desafioBuilders/src/components/TextTemperature/index.tsx": {"path":"/Users/matheushenrique/Documents/github/desafioBuilders/src/components/TextTemperature/index.tsx","statementMap":{"0":{"start":{"line":36,"column":42},"end":{"line":61,"column":1}},"1":{"start":{"line":43,"column":2},"end":{"line":60,"column":4}}},"fnMap":{"0":{"name":"(anonymous_0)","decl":{"start":{"line":36,"column":42},"end":{"line":36,"column":43}},"loc":{"start":{"line":42,"column":6},"end":{"line":61,"column":1}},"line":42}},"branchMap":{"0":{"loc":{"start":{"line":49,"column":15},"end":{"line":49,"column":35}},"type":"binary-expr","locations":[{"start":{"line":49,"column":15},"end":{"line":49,"column":20}},{"start":{"line":49,"column":24},"end":{"line":49,"column":35}}],"line":49},"1":{"loc":{"start":{"line":56,"column":15},"end":{"line":56,"column":35}},"type":"binary-expr","locations":[{"start":{"line":56,"column":15},"end":{"line":56,"column":20}},{"start":{"line":56,"column":24},"end":{"line":56,"column":35}}],"line":56}},"s":{"0":8,"1":33},"f":{"0":33},"b":{"0":[33,23],"1":[33,23]},"_coverageSchema":"1a1c01bbd47fc00a2c39e90264f33305004495a9","hash":"881722e95e3b49c17b91f243b750aae88f7b91a0"}
,"/Users/matheushenrique/Documents/github/desafioBuilders/src/store/index.tsx": {"path":"/Users/matheushenrique/Documents/github/desafioBuilders/src/store/index.tsx","statementMap":{"0":{"start":{"line":6,"column":23},"end":{"line":6,"column":45}},"1":{"start":{"line":7,"column":19},"end":{"line":7,"column":42}},"2":{"start":{"line":9,"column":24},"end":{"line":15,"column":2}},"3":{"start":{"line":12,"column":4},"end":{"line":14,"column":25}}},"fnMap":{"0":{"name":"(anonymous_0)","decl":{"start":{"line":11,"column":14},"end":{"line":11,"column":15}},"loc":{"start":{"line":12,"column":4},"end":{"line":14,"column":25}},"line":12}},"branchMap":{},"s":{"0":5,"1":5,"2":5,"3":5},"f":{"0":5},"b":{},"_coverageSchema":"1a1c01bbd47fc00a2c39e90264f33305004495a9","hash":"ff71acc570276fa5d4cbdca4bd9d846b5168aa80"}
,"/Users/matheushenrique/Documents/github/desafioBuilders/src/store/modules/rootReducer.ts": {"path":"/Users/matheushenrique/Documents/github/desafioBuilders/src/store/modules/rootReducer.ts","statementMap":{},"fnMap":{},"branchMap":{},"s":{},"f":{},"b":{},"_coverageSchema":"1a1c01bbd47fc00a2c39e90264f33305004495a9","hash":"a35940160e48dacb8f62bb4038b061336315922c"}
,"/Users/matheushenrique/Documents/github/desafioBuilders/src/store/modules/weather/reducer.ts": {"path":"/Users/matheushenrique/Documents/github/desafioBuilders/src/store/modules/weather/reducer.ts","statementMap":{"0":{"start":{"line":4,"column":48},"end":{"line":7,"column":1}},"1":{"start":{"line":8,"column":56},"end":{"line":50,"column":1}},"2":{"start":{"line":12,"column":2},"end":{"line":49,"column":3}},"3":{"start":{"line":14,"column":6},"end":{"line":17,"column":8}},"4":{"start":{"line":19,"column":6},"end":{"line":34,"column":8}},"5":{"start":{"line":36,"column":6},"end":{"line":39,"column":8}},"6":{"start":{"line":41,"column":6},"end":{"line":45,"column":8}},"7":{"start":{"line":48,"column":6},"end":{"line":48,"column":19}}},"fnMap":{"0":{"name":"(anonymous_0)","decl":{"start":{"line":8,"column":56},"end":{"line":8,"column":57}},"loc":{"start":{"line":11,"column":5},"end":{"line":50,"column":1}},"line":11}},"branchMap":{"0":{"loc":{"start":{"line":9,"column":2},"end":{"line":9,"column":23}},"type":"default-arg","locations":[{"start":{"line":9,"column":10},"end":{"line":9,"column":23}}],"line":9},"1":{"loc":{"start":{"line":12,"column":2},"end":{"line":49,"column":3}},"type":"switch","locations":[{"start":{"line":13,"column":4},"end":{"line":17,"column":8}},{"start":{"line":18,"column":4},"end":{"line":34,"column":8}},{"start":{"line":35,"column":4},"end":{"line":39,"column":8}},{"start":{"line":40,"column":4},"end":{"line":45,"column":8}},{"start":{"line":47,"column":4},"end":{"line":48,"column":19}}],"line":12}},"s":{"0":6,"1":6,"2":21,"3":2,"4":1,"5":1,"6":1,"7":16},"f":{"0":21},"b":{"0":[16],"1":[2,1,1,1,16]},"_coverageSchema":"1a1c01bbd47fc00a2c39e90264f33305004495a9","hash":"b1ec1407907a76504a629eb4d49cd66194cbcb13"}
,"/Users/matheushenrique/Documents/github/desafioBuilders/src/store/modules/weather/types.ts": {"path":"/Users/matheushenrique/Documents/github/desafioBuilders/src/store/modules/weather/types.ts","statementMap":{},"fnMap":{},"branchMap":{},"s":{},"f":{},"b":{},"_coverageSchema":"1a1c01bbd47fc00a2c39e90264f33305004495a9","hash":"f644ec666596762f8e66581fde7612a87fac210d"}
,"/Users/matheushenrique/Documents/github/desafioBuilders/src/styles/colors.ts": {"path":"/Users/matheushenrique/Documents/github/desafioBuilders/src/styles/colors.ts","statementMap":{"0":{"start":{"line":1,"column":21},"end":{"line":17,"column":1}}},"fnMap":{},"branchMap":{},"s":{"0":13},"f":{},"b":{},"_coverageSchema":"1a1c01bbd47fc00a2c39e90264f33305004495a9","hash":"a27cfeff921bba9be063f8c465065f8ceae3feab"}
,"/Users/matheushenrique/Documents/github/desafioBuilders/src/utils/currentHour.ts": {"path":"/Users/matheushenrique/Documents/github/desafioBuilders/src/utils/currentHour.ts","statementMap":{"0":{"start":{"line":3,"column":32},"end":{"line":3,"column":63}}},"fnMap":{},"branchMap":{},"s":{"0":4},"f":{},"b":{},"_coverageSchema":"1a1c01bbd47fc00a2c39e90264f33305004495a9","hash":"f2049f333099ab257951ebce61f39fe32920c167"}
,"/Users/matheushenrique/Documents/github/desafioBuilders/src/utils/forecastIcon.ts": {"path":"/Users/matheushenrique/Documents/github/desafioBuilders/src/utils/forecastIcon.ts","statementMap":{"0":{"start":{"line":90,"column":39},"end":{"line":431,"column":1}},"1":{"start":{"line":95,"column":2},"end":{"line":430,"column":3}},"2":{"start":{"line":105,"column":6},"end":{"line":114,"column":7}},"3":{"start":{"line":106,"column":8},"end":{"line":106,"column":74}},"4":{"start":{"line":107,"column":13},"end":{"line":114,"column":7}},"5":{"start":{"line":108,"column":8},"end":{"line":111,"column":10}},"6":{"start":{"line":113,"column":8},"end":{"line":113,"column":79}},"7":{"start":{"line":123,"column":6},"end":{"line":129,"column":7}},"8":{"start":{"line":124,"column":8},"end":{"line":124,"column":72}},"9":{"start":{"line":125,"column":13},"end":{"line":129,"column":7}},"10":{"start":{"line":126,"column":8},"end":{"line":126,"column":79}},"11":{"start":{"line":128,"column":8},"end":{"line":128,"column":77}},"12":{"start":{"line":140,"column":6},"end":{"line":152,"column":7}},"13":{"start":{"line":141,"column":8},"end":{"line":141,"column":77}},"14":{"start":{"line":142,"column":13},"end":{"line":152,"column":7}},"15":{"start":{"line":143,"column":8},"end":{"line":146,"column":10}},"16":{"start":{"line":148,"column":8},"end":{"line":151,"column":10}},"17":{"start":{"line":158,"column":6},"end":{"line":167,"column":7}},"18":{"start":{"line":159,"column":8},"end":{"line":159,"column":74}},"19":{"start":{"line":160,"column":13},"end":{"line":167,"column":7}},"20":{"start":{"line":161,"column":8},"end":{"line":164,"column":10}},"21":{"start":{"line":166,"column":8},"end":{"line":166,"column":79}},"22":{"start":{"line":177,"column":6},"end":{"line":177,"column":80}},"23":{"start":{"line":184,"column":6},"end":{"line":199,"column":7}},"24":{"start":{"line":185,"column":8},"end":{"line":188,"column":10}},"25":{"start":{"line":189,"column":13},"end":{"line":199,"column":7}},"26":{"start":{"line":190,"column":8},"end":{"line":193,"column":10}},"27":{"start":{"line":195,"column":8},"end":{"line":198,"column":10}},"28":{"start":{"line":204,"column":6},"end":{"line":210,"column":7}},"29":{"start":{"line":205,"column":8},"end":{"line":205,"column":72}},"30":{"start":{"line":206,"column":13},"end":{"line":210,"column":7}},"31":{"start":{"line":207,"column":8},"end":{"line":207,"column":79}},"32":{"start":{"line":209,"column":8},"end":{"line":209,"column":77}},"33":{"start":{"line":217,"column":6},"end":{"line":226,"column":7}},"34":{"start":{"line":218,"column":8},"end":{"line":218,"column":74}},"35":{"start":{"line":219,"column":13},"end":{"line":226,"column":7}},"36":{"start":{"line":220,"column":8},"end":{"line":223,"column":10}},"37":{"start":{"line":225,"column":8},"end":{"line":225,"column":79}},"38":{"start":{"line":236,"column":6},"end":{"line":236,"column":68}},"39":{"start":{"line":238,"column":6},"end":{"line":238,"column":66}},"40":{"start":{"line":240,"column":6},"end":{"line":246,"column":7}},"41":{"start":{"line":241,"column":8},"end":{"line":241,"column":70}},"42":{"start":{"line":242,"column":13},"end":{"line":246,"column":7}},"43":{"start":{"line":243,"column":8},"end":{"line":243,"column":71}},"44":{"start":{"line":245,"column":8},"end":{"line":245,"column":70}},"45":{"start":{"line":252,"column":6},"end":{"line":258,"column":7}},"46":{"start":{"line":253,"column":8},"end":{"line":253,"column":68}},"47":{"start":{"line":254,"column":13},"end":{"line":258,"column":7}},"48":{"start":{"line":255,"column":8},"end":{"line":255,"column":75}},"49":{"start":{"line":257,"column":8},"end":{"line":257,"column":73}},"50":{"start":{"line":262,"column":6},"end":{"line":268,"column":7}},"51":{"start":{"line":263,"column":8},"end":{"line":263,"column":71}},"52":{"start":{"line":264,"column":13},"end":{"line":268,"column":7}},"53":{"start":{"line":265,"column":8},"end":{"line":265,"column":78}},"54":{"start":{"line":267,"column":8},"end":{"line":267,"column":76}},"55":{"start":{"line":272,"column":6},"end":{"line":272,"column":55}},"56":{"start":{"line":275,"column":6},"end":{"line":290,"column":7}},"57":{"start":{"line":276,"column":8},"end":{"line":279,"column":10}},"58":{"start":{"line":280,"column":13},"end":{"line":290,"column":7}},"59":{"start":{"line":281,"column":8},"end":{"line":284,"column":10}},"60":{"start":{"line":286,"column":8},"end":{"line":289,"column":10}},"61":{"start":{"line":295,"column":6},"end":{"line":310,"column":7}},"62":{"start":{"line":296,"column":8},"end":{"line":299,"column":10}},"63":{"start":{"line":300,"column":13},"end":{"line":310,"column":7}},"64":{"start":{"line":301,"column":8},"end":{"line":304,"column":10}},"65":{"start":{"line":306,"column":8},"end":{"line":309,"column":10}},"66":{"start":{"line":315,"column":6},"end":{"line":327,"column":7}},"67":{"start":{"line":316,"column":8},"end":{"line":316,"column":80}},"68":{"start":{"line":317,"column":13},"end":{"line":327,"column":7}},"69":{"start":{"line":318,"column":8},"end":{"line":321,"column":10}},"70":{"start":{"line":323,"column":8},"end":{"line":326,"column":10}},"71":{"start":{"line":332,"column":6},"end":{"line":338,"column":7}},"72":{"start":{"line":333,"column":8},"end":{"line":333,"column":73}},"73":{"start":{"line":334,"column":13},"end":{"line":338,"column":7}},"74":{"start":{"line":335,"column":8},"end":{"line":335,"column":80}},"75":{"start":{"line":337,"column":8},"end":{"line":337,"column":78}},"76":{"start":{"line":349,"column":6},"end":{"line":355,"column":7}},"77":{"start":{"line":350,"column":8},"end":{"line":350,"column":72}},"78":{"start":{"line":351,"column":13},"end":{"line":355,"column":7}},"79":{"start":{"line":352,"column":8},"end":{"line":352,"column":79}},"80":{"start":{"line":354,"column":8},"end":{"line":354,"column":77}},"81":{"start":{"line":363,"column":6},"end":{"line":375,"column":7}},"82":{"start":{"line":364,"column":8},"end":{"line":364,"column":78}},"83":{"start":{"line":365,"column":13},"end":{"line":375,"column":7}},"84":{"start":{"line":366,"column":8},"end":{"line":369,"column":10}},"85":{"start":{"line":371,"column":8},"end":{"line":374,"column":10}},"86":{"start":{"line":383,"column":6},"end":{"line":398,"column":7}},"87":{"start":{"line":384,"column":8},"end":{"line":387,"column":10}},"88":{"start":{"line":388,"column":13},"end":{"line":398,"column":7}},"89":{"start":{"line":389,"column":8},"end":{"line":392,"column":10}},"90":{"start":{"line":394,"column":8},"end":{"line":397,"column":10}},"91":{"start":{"line":403,"column":6},"end":{"line":403,"column":78}},"92":{"start":{"line":409,"column":6},"end":{"line":409,"column":67}},"93":{"start":{"line":413,"column":6},"end":{"line":413,"column":76}},"94":{"start":{"line":416,"column":6},"end":{"line":416,"column":76}},"95":{"start":{"line":419,"column":6},"end":{"line":419,"column":70}},"96":{"start":{"line":424,"column":6},"end":{"line":424,"column":74}},"97":{"start":{"line":427,"column":6},"end":{"line":427,"column":67}},"98":{"start":{"line":429,"column":6},"end":{"line":429,"column":68}}},"fnMap":{"0":{"name":"(anonymous_0)","decl":{"start":{"line":90,"column":39},"end":{"line":90,"column":40}},"loc":{"start":{"line":94,"column":5},"end":{"line":431,"column":1}},"line":94}},"branchMap":{"0":{"loc":{"start":{"line":95,"column":2},"end":{"line":430,"column":3}},"type":"switch","locations":[{"start":{"line":98,"column":4},"end":{"line":98,"column":20}},{"start":{"line":99,"column":4},"end":{"line":99,"column":22}},{"start":{"line":100,"column":4},"end":{"line":100,"column":23}},{"start":{"line":101,"column":4},"end":{"line":101,"column":25}},{"start":{"line":102,"column":4},"end":{"line":102,"column":30}},{"start":{"line":103,"column":4},"end":{"line":103,"column":33}},{"start":{"line":104,"column":4},"end":{"line":114,"column":7}},{"start":{"line":117,"column":4},"end":{"line":117,"column":17}},{"start":{"line":118,"column":4},"end":{"line":118,"column":26}},{"start":{"line":119,"column":4},"end":{"line":119,"column":26}},{"start":{"line":120,"column":4},"end":{"line":120,"column":32}},{"start":{"line":121,"column":4},"end":{"line":121,"column":38}},{"start":{"line":122,"column":4},"end":{"line":129,"column":7}},{"start":{"line":132,"column":4},"end":{"line":132,"column":23}},{"start":{"line":133,"column":4},"end":{"line":133,"column":25}},{"start":{"line":134,"column":4},"end":{"line":134,"column":28}},{"start":{"line":135,"column":4},"end":{"line":135,"column":29}},{"start":{"line":136,"column":4},"end":{"line":136,"column":31}},{"start":{"line":137,"column":4},"end":{"line":137,"column":35}},{"start":{"line":138,"column":4},"end":{"line":138,"column":38}},{"start":{"line":139,"column":4},"end":{"line":152,"column":7}},{"start":{"line":155,"column":4},"end":{"line":155,"column":29}},{"start":{"line":156,"column":4},"end":{"line":156,"column":42}},{"start":{"line":157,"column":4},"end":{"line":167,"column":7}},{"start":{"line":170,"column":4},"end":{"line":170,"column":46}},{"start":{"line":171,"column":4},"end":{"line":171,"column":28}},{"start":{"line":172,"column":4},"end":{"line":172,"column":27}},{"start":{"line":173,"column":4},"end":{"line":173,"column":30}},{"start":{"line":174,"column":4},"end":{"line":174,"column":35}},{"start":{"line":175,"column":4},"end":{"line":175,"column":35}},{"start":{"line":176,"column":4},"end":{"line":177,"column":80}},{"start":{"line":180,"column":4},"end":{"line":180,"column":28}},{"start":{"line":181,"column":4},"end":{"line":181,"column":30}},{"start":{"line":182,"column":4},"end":{"line":182,"column":48}},{"start":{"line":183,"column":4},"end":{"line":199,"column":7}},{"start":{"line":202,"column":4},"end":{"line":202,"column":20}},{"start":{"line":203,"column":4},"end":{"line":210,"column":7}},{"start":{"line":213,"column":4},"end":{"line":213,"column":19}},{"start":{"line":214,"column":4},"end":{"line":214,"column":28}},{"start":{"line":215,"column":4},"end":{"line":215,"column":41}},{"start":{"line":216,"column":4},"end":{"line":226,"column":7}},{"start":{"line":229,"column":4},"end":{"line":229,"column":19}},{"start":{"line":230,"column":4},"end":{"line":230,"column":21}},{"start":{"line":231,"column":4},"end":{"line":231,"column":25}},{"start":{"line":232,"column":4},"end":{"line":232,"column":28}},{"start":{"line":233,"column":4},"end":{"line":233,"column":28}},{"start":{"line":234,"column":4},"end":{"line":234,"column":29}},{"start":{"line":235,"column":4},"end":{"line":236,"column":68}},{"start":{"line":237,"column":4},"end":{"line":238,"column":66}},{"start":{"line":239,"column":4},"end":{"line":246,"column":7}},{"start":{"line":249,"column":4},"end":{"line":249,"column":19}},{"start":{"line":250,"column":4},"end":{"line":250,"column":20}},{"start":{"line":251,"column":4},"end":{"line":258,"column":7}},{"start":{"line":261,"column":4},"end":{"line":268,"column":7}},{"start":{"line":271,"column":4},"end":{"line":272,"column":55}},{"start":{"line":273,"column":4},"end":{"line":273,"column":28}},{"start":{"line":274,"column":4},"end":{"line":290,"column":7}},{"start":{"line":293,"column":4},"end":{"line":293,"column":27}},{"start":{"line":294,"column":4},"end":{"line":310,"column":7}},{"start":{"line":313,"column":4},"end":{"line":313,"column":33}},{"start":{"line":314,"column":4},"end":{"line":327,"column":7}},{"start":{"line":330,"column":4},"end":{"line":330,"column":19}},{"start":{"line":331,"column":4},"end":{"line":338,"column":7}},{"start":{"line":341,"column":4},"end":{"line":341,"column":16}},{"start":{"line":342,"column":4},"end":{"line":342,"column":22}},{"start":{"line":343,"column":4},"end":{"line":343,"column":31}},{"start":{"line":344,"column":4},"end":{"line":344,"column":34}},{"start":{"line":345,"column":4},"end":{"line":345,"column":43}},{"start":{"line":346,"column":4},"end":{"line":346,"column":43}},{"start":{"line":347,"column":4},"end":{"line":347,"column":46}},{"start":{"line":348,"column":4},"end":{"line":355,"column":7}},{"start":{"line":358,"column":4},"end":{"line":358,"column":32}},{"start":{"line":359,"column":4},"end":{"line":359,"column":30}},{"start":{"line":360,"column":4},"end":{"line":360,"column":30}},{"start":{"line":361,"column":4},"end":{"line":361,"column":38}},{"start":{"line":362,"column":4},"end":{"line":375,"column":7}},{"start":{"line":378,"column":4},"end":{"line":378,"column":24}},{"start":{"line":379,"column":4},"end":{"line":379,"column":31}},{"start":{"line":380,"column":4},"end":{"line":380,"column":38}},{"start":{"line":381,"column":4},"end":{"line":381,"column":44}},{"start":{"line":382,"column":4},"end":{"line":398,"column":7}},{"start":{"line":401,"column":4},"end":{"line":401,"column":45}},{"start":{"line":402,"column":4},"end":{"line":403,"column":78}},{"start":{"line":405,"column":4},"end":{"line":405,"column":24}},{"start":{"line":406,"column":4},"end":{"line":406,"column":23}},{"start":{"line":407,"column":4},"end":{"line":407,"column":43}},{"start":{"line":408,"column":4},"end":{"line":409,"column":67}},{"start":{"line":411,"column":4},"end":{"line":411,"column":14}},{"start":{"line":412,"column":4},"end":{"line":413,"column":76}},{"start":{"line":415,"column":4},"end":{"line":416,"column":76}},{"start":{"line":418,"column":4},"end":{"line":419,"column":70}},{"start":{"line":421,"column":4},"end":{"line":421,"column":20}},{"start":{"line":422,"column":4},"end":{"line":424,"column":74}},{"start":{"line":426,"column":4},"end":{"line":427,"column":67}},{"start":{"line":428,"column":4},"end":{"line":429,"column":68}}],"line":95},"1":{"loc":{"start":{"line":105,"column":6},"end":{"line":114,"column":7}},"type":"if","locations":[{"start":{"line":105,"column":6},"end":{"line":114,"column":7}},{"start":{"line":107,"column":13},"end":{"line":114,"column":7}}],"line":105},"2":{"loc":{"start":{"line":107,"column":13},"end":{"line":114,"column":7}},"type":"if","locations":[{"start":{"line":107,"column":13},"end":{"line":114,"column":7}},{"start":{"line":112,"column":13},"end":{"line":114,"column":7}}],"line":107},"3":{"loc":{"start":{"line":123,"column":6},"end":{"line":129,"column":7}},"type":"if","locations":[{"start":{"line":123,"column":6},"end":{"line":129,"column":7}},{"start":{"line":125,"column":13},"end":{"line":129,"column":7}}],"line":123},"4":{"loc":{"start":{"line":125,"column":13},"end":{"line":129,"column":7}},"type":"if","locations":[{"start":{"line":125,"column":13},"end":{"line":129,"column":7}},{"start":{"line":127,"column":13},"end":{"line":129,"column":7}}],"line":125},"5":{"loc":{"start":{"line":140,"column":6},"end":{"line":152,"column":7}},"type":"if","locations":[{"start":{"line":140,"column":6},"end":{"line":152,"column":7}},{"start":{"line":142,"column":13},"end":{"line":152,"column":7}}],"line":140},"6":{"loc":{"start":{"line":142,"column":13},"end":{"line":152,"column":7}},"type":"if","locations":[{"start":{"line":142,"column":13},"end":{"line":152,"column":7}},{"start":{"line":147,"column":13},"end":{"line":152,"column":7}}],"line":142},"7":{"loc":{"start":{"line":158,"column":6},"end":{"line":167,"column":7}},"type":"if","locations":[{"start":{"line":158,"column":6},"end":{"line":167,"column":7}},{"start":{"line":160,"column":13},"end":{"line":167,"column":7}}],"line":158},"8":{"loc":{"start":{"line":160,"column":13},"end":{"line":167,"column":7}},"type":"if","locations":[{"start":{"line":160,"column":13},"end":{"line":167,"column":7}},{"start":{"line":165,"column":13},"end":{"line":167,"column":7}}],"line":160},"9":{"loc":{"start":{"line":184,"column":6},"end":{"line":199,"column":7}},"type":"if","locations":[{"start":{"line":184,"column":6},"end":{"line":199,"column":7}},{"start":{"line":189,"column":13},"end":{"line":199,"column":7}}],"line":184},"10":{"loc":{"start":{"line":189,"column":13},"end":{"line":199,"column":7}},"type":"if","locations":[{"start":{"line":189,"column":13},"end":{"line":199,"column":7}},{"start":{"line":194,"column":13},"end":{"line":199,"column":7}}],"line":189},"11":{"loc":{"start":{"line":204,"column":6},"end":{"line":210,"column":7}},"type":"if","locations":[{"start":{"line":204,"column":6},"end":{"line":210,"column":7}},{"start":{"line":206,"column":13},"end":{"line":210,"column":7}}],"line":204},"12":{"loc":{"start":{"line":206,"column":13},"end":{"line":210,"column":7}},"type":"if","locations":[{"start":{"line":206,"column":13},"end":{"line":210,"column":7}},{"start":{"line":208,"column":13},"end":{"line":210,"column":7}}],"line":206},"13":{"loc":{"start":{"line":217,"column":6},"end":{"line":226,"column":7}},"type":"if","locations":[{"start":{"line":217,"column":6},"end":{"line":226,"column":7}},{"start":{"line":219,"column":13},"end":{"line":226,"column":7}}],"line":217},"14":{"loc":{"start":{"line":219,"column":13},"end":{"line":226,"column":7}},"type":"if","locations":[{"start":{"line":219,"column":13},"end":{"line":226,"column":7}},{"start":{"line":224,"column":13},"end":{"line":226,"column":7}}],"line":219},"15":{"loc":{"start":{"line":240,"column":6},"end":{"line":246,"column":7}},"type":"if","locations":[{"start":{"line":240,"column":6},"end":{"line":246,"column":7}},{"start":{"line":242,"column":13},"end":{"line":246,"column":7}}],"line":240},"16":{"loc":{"start":{"line":242,"column":13},"end":{"line":246,"column":7}},"type":"if","locations":[{"start":{"line":242,"column":13},"end":{"line":246,"column":7}},{"start":{"line":244,"column":13},"end":{"line":246,"column":7}}],"line":242},"17":{"loc":{"start":{"line":252,"column":6},"end":{"line":258,"column":7}},"type":"if","locations":[{"start":{"line":252,"column":6},"end":{"line":258,"column":7}},{"start":{"line":254,"column":13},"end":{"line":258,"column":7}}],"line":252},"18":{"loc":{"start":{"line":254,"column":13},"end":{"line":258,"column":7}},"type":"if","locations":[{"start":{"line":254,"column":13},"end":{"line":258,"column":7}},{"start":{"line":256,"column":13},"end":{"line":258,"column":7}}],"line":254},"19":{"loc":{"start":{"line":262,"column":6},"end":{"line":268,"column":7}},"type":"if","locations":[{"start":{"line":262,"column":6},"end":{"line":268,"column":7}},{"start":{"line":264,"column":13},"end":{"line":268,"column":7}}],"line":262},"20":{"loc":{"start":{"line":264,"column":13},"end":{"line":268,"column":7}},"type":"if","locations":[{"start":{"line":264,"column":13},"end":{"line":268,"column":7}},{"start":{"line":266,"column":13},"end":{"line":268,"column":7}}],"line":264},"21":{"loc":{"start":{"line":275,"column":6},"end":{"line":290,"column":7}},"type":"if","locations":[{"start":{"line":275,"column":6},"end":{"line":290,"column":7}},{"start":{"line":280,"column":13},"end":{"line":290,"column":7}}],"line":275},"22":{"loc":{"start":{"line":280,"column":13},"end":{"line":290,"column":7}},"type":"if","locations":[{"start":{"line":280,"column":13},"end":{"line":290,"column":7}},{"start":{"line":285,"column":13},"end":{"line":290,"column":7}}],"line":280},"23":{"loc":{"start":{"line":295,"column":6},"end":{"line":310,"column":7}},"type":"if","locations":[{"start":{"line":295,"column":6},"end":{"line":310,"column":7}},{"start":{"line":300,"column":13},"end":{"line":310,"column":7}}],"line":295},"24":{"loc":{"start":{"line":300,"column":13},"end":{"line":310,"column":7}},"type":"if","locations":[{"start":{"line":300,"column":13},"end":{"line":310,"column":7}},{"start":{"line":305,"column":13},"end":{"line":310,"column":7}}],"line":300},"25":{"loc":{"start":{"line":315,"column":6},"end":{"line":327,"column":7}},"type":"if","locations":[{"start":{"line":315,"column":6},"end":{"line":327,"column":7}},{"start":{"line":317,"column":13},"end":{"line":327,"column":7}}],"line":315},"26":{"loc":{"start":{"line":317,"column":13},"end":{"line":327,"column":7}},"type":"if","locations":[{"start":{"line":317,"column":13},"end":{"line":327,"column":7}},{"start":{"line":322,"column":13},"end":{"line":327,"column":7}}],"line":317},"27":{"loc":{"start":{"line":332,"column":6},"end":{"line":338,"column":7}},"type":"if","locations":[{"start":{"line":332,"column":6},"end":{"line":338,"column":7}},{"start":{"line":334,"column":13},"end":{"line":338,"column":7}}],"line":332},"28":{"loc":{"start":{"line":334,"column":13},"end":{"line":338,"column":7}},"type":"if","locations":[{"start":{"line":334,"column":13},"end":{"line":338,"column":7}},{"start":{"line":336,"column":13},"end":{"line":338,"column":7}}],"line":334},"29":{"loc":{"start":{"line":349,"column":6},"end":{"line":355,"column":7}},"type":"if","locations":[{"start":{"line":349,"column":6},"end":{"line":355,"column":7}},{"start":{"line":351,"column":13},"end":{"line":355,"column":7}}],"line":349},"30":{"loc":{"start":{"line":351,"column":13},"end":{"line":355,"column":7}},"type":"if","locations":[{"start":{"line":351,"column":13},"end":{"line":355,"column":7}},{"start":{"line":353,"column":13},"end":{"line":355,"column":7}}],"line":351},"31":{"loc":{"start":{"line":363,"column":6},"end":{"line":375,"column":7}},"type":"if","locations":[{"start":{"line":363,"column":6},"end":{"line":375,"column":7}},{"start":{"line":365,"column":13},"end":{"line":375,"column":7}}],"line":363},"32":{"loc":{"start":{"line":365,"column":13},"end":{"line":375,"column":7}},"type":"if","locations":[{"start":{"line":365,"column":13},"end":{"line":375,"column":7}},{"start":{"line":370,"column":13},"end":{"line":375,"column":7}}],"line":365},"33":{"loc":{"start":{"line":383,"column":6},"end":{"line":398,"column":7}},"type":"if","locations":[{"start":{"line":383,"column":6},"end":{"line":398,"column":7}},{"start":{"line":388,"column":13},"end":{"line":398,"column":7}}],"line":383},"34":{"loc":{"start":{"line":388,"column":13},"end":{"line":398,"column":7}},"type":"if","locations":[{"start":{"line":388,"column":13},"end":{"line":398,"column":7}},{"start":{"line":393,"column":13},"end":{"line":398,"column":7}}],"line":388}},"s":{"0":8,"1":120,"2":19,"3":17,"4":2,"5":1,"6":1,"7":3,"8":1,"9":2,"10":1,"11":1,"12":3,"13":1,"14":2,"15":1,"16":1,"17":3,"18":1,"19":2,"20":1,"21":1,"22":3,"23":3,"24":1,"25":2,"26":1,"27":1,"28":3,"29":1,"30":2,"31":1,"32":1,"33":3,"34":1,"35":2,"36":1,"37":1,"38":11,"39":3,"40":8,"41":4,"42":4,"43":3,"44":1,"45":3,"46":1,"47":2,"48":1,"49":1,"50":3,"51":1,"52":2,"53":1,"54":1,"55":3,"56":3,"57":1,"58":2,"59":1,"60":1,"61":3,"62":1,"63":2,"64":1,"65":1,"66":3,"67":1,"68":2,"69":1,"70":1,"71":3,"72":1,"73":2,"74":1,"75":1,"76":3,"77":1,"78":2,"79":1,"80":1,"81":3,"82":1,"83":2,"84":1,"85":1,"86":3,"87":1,"88":2,"89":1,"90":1,"91":3,"92":3,"93":3,"94":3,"95":3,"96":3,"97":3,"98":7},"f":{"0":120},"b":{"0":[19,19,19,19,19,19,19,3,3,3,3,3,3,3,3,3,3,3,3,3,3,3,3,3,3,3,3,3,3,3,3,3,3,3,3,3,3,3,3,3,3,11,11,11,11,11,11,11,3,8,3,3,3,3,3,3,3,3,3,3,3,3,3,3,3,3,3,3,3,3,3,3,3,3,3,3,3,3,3,3,3,3,3,3,3,3,3,3,3,3,3,3,3,3,7],"1":[17,2],"2":[1,1],"3":[1,2],"4":[1,1],"5":[1,2],"6":[1,1],"7":[1,2],"8":[1,1],"9":[1,2],"10":[1,1],"11":[1,2],"12":[1,1],"13":[1,2],"14":[1,1],"15":[4,4],"16":[3,1],"17":[1,2],"18":[1,1],"19":[1,2],"20":[1,1],"21":[1,2],"22":[1,1],"23":[1,2],"24":[1,1],"25":[1,2],"26":[1,1],"27":[1,2],"28":[1,1],"29":[1,2],"30":[1,1],"31":[1,2],"32":[1,1],"33":[1,2],"34":[1,1]},"_coverageSchema":"1a1c01bbd47fc00a2c39e90264f33305004495a9","hash":"ba0b15cbe0fe848d2ccc54a5067bf5b0b42a8c12"}
,"/Users/matheushenrique/Documents/github/desafioBuilders/src/utils/formatter.ts": {"path":"/Users/matheushenrique/Documents/github/desafioBuilders/src/utils/formatter.ts","statementMap":{"0":{"start":{"line":3,"column":0},"end":{"line":3,"column":23}},"1":{"start":{"line":5,"column":19},"end":{"line":7,"column":1}},"2":{"start":{"line":6,"column":2},"end":{"line":6,"column":41}},"3":{"start":{"line":8,"column":23},"end":{"line":10,"column":1}},"4":{"start":{"line":9,"column":2},"end":{"line":9,"column":44}}},"fnMap":{"0":{"name":"(anonymous_0)","decl":{"start":{"line":5,"column":19},"end":{"line":5,"column":20}},"loc":{"start":{"line":5,"column":44},"end":{"line":7,"column":1}},"line":5},"1":{"name":"(anonymous_1)","decl":{"start":{"line":8,"column":23},"end":{"line":8,"column":24}},"loc":{"start":{"line":8,"column":48},"end":{"line":10,"column":1}},"line":8}},"branchMap":{},"s":{"0":3,"1":3,"2":1,"3":3,"4":8},"f":{"0":1,"1":8},"b":{},"_coverageSchema":"1a1c01bbd47fc00a2c39e90264f33305004495a9","hash":"984bec9ab6d63032b08b670d1dd94ed73d9ac949"}
,"/Users/matheushenrique/Documents/github/desafioBuilders/src/utils/period.ts": {"path":"/Users/matheushenrique/Documents/github/desafioBuilders/src/utils/period.ts","statementMap":{"0":{"start":{"line":1,"column":22},"end":{"line":8,"column":1}},"1":{"start":{"line":3,"column":4},"end":{"line":4,"column":43}},"2":{"start":{"line":5,"column":20},"end":{"line":5,"column":57}},"3":{"start":{"line":7,"column":2},"end":{"line":7,"column":31}}},"fnMap":{"0":{"name":"(anonymous_0)","decl":{"start":{"line":1,"column":22},"end":{"line":1,"column":23}},"loc":{"start":{"line":1,"column":56},"end":{"line":8,"column":1}},"line":1}},"branchMap":{"0":{"loc":{"start":{"line":3,"column":4},"end":{"line":4,"column":43}},"type":"binary-expr","locations":[{"start":{"line":3,"column":5},"end":{"line":3,"column":21}},{"start":{"line":3,"column":25},"end":{"line":3,"column":40}},{"start":{"line":4,"column":5},"end":{"line":4,"column":22}},{"start":{"line":4,"column":26},"end":{"line":4,"column":42}}],"line":3},"1":{"loc":{"start":{"line":5,"column":20},"end":{"line":5,"column":57}},"type":"binary-expr","locations":[{"start":{"line":5,"column":20},"end":{"line":5,"column":36}},{"start":{"line":5,"column":40},"end":{"line":5,"column":57}}],"line":5}},"s":{"0":8,"1":240,"2":240,"3":240},"f":{"0":240},"b":{"0":[240,238,238,159],"1":[240,236]},"_coverageSchema":"1a1c01bbd47fc00a2c39e90264f33305004495a9","hash":"92a8777c5139c71ed77de92da5630f3b871077e2"}
,"/Users/matheushenrique/Documents/github/desafioBuilders/src/utils/Normalize/index.tsx": {"path":"/Users/matheushenrique/Documents/github/desafioBuilders/src/utils/Normalize/index.tsx","statementMap":{"0":{"start":{"line":5,"column":2},"end":{"line":5,"column":26}},"1":{"start":{"line":7,"column":23},"end":{"line":7,"column":41}},"2":{"start":{"line":10,"column":21},"end":{"line":10,"column":34}},"3":{"start":{"line":11,"column":4},"end":{"line":11,"column":51}},"4":{"start":{"line":14,"column":21},"end":{"line":14,"column":33}},"5":{"start":{"line":15,"column":22},"end":{"line":15,"column":35}}},"fnMap":{"0":{"name":"normalize","decl":{"start":{"line":9,"column":24},"end":{"line":9,"column":33}},"loc":{"start":{"line":9,"column":58},"end":{"line":13,"column":1}},"line":9}},"branchMap":{},"s":{"0":16,"1":16,"2":760,"3":760,"4":16,"5":16},"f":{"0":760},"b":{},"_coverageSchema":"1a1c01bbd47fc00a2c39e90264f33305004495a9","hash":"17969564c7782e98359cd65151513cc9541ec5f2"}
,"/Users/matheushenrique/Documents/github/desafioBuilders/src/views/DetailsOffWeeks/Flatlist.tsx": {"path":"/Users/matheushenrique/Documents/github/desafioBuilders/src/views/DetailsOffWeeks/Flatlist.tsx","statementMap":{"0":{"start":{"line":16,"column":44},"end":{"line":43,"column":1}},"1":{"start":{"line":17,"column":21},"end":{"line":17,"column":73}},"2":{"start":{"line":17,"column":51},"end":{"line":17,"column":72}},"3":{"start":{"line":19,"column":21},"end":{"line":26,"column":8}},"4":{"start":{"line":20,"column":4},"end":{"line":25,"column":6}},"5":{"start":{"line":28,"column":2},"end":{"line":42,"column":4}},"6":{"start":{"line":32,"column":8},"end":{"line":38,"column":10}}},"fnMap":{"0":{"name":"(anonymous_0)","decl":{"start":{"line":16,"column":44},"end":{"line":16,"column":45}},"loc":{"start":{"line":16,"column":56},"end":{"line":43,"column":1}},"line":16},"1":{"name":"(anonymous_1)","decl":{"start":{"line":17,"column":33},"end":{"line":17,"column":34}},"loc":{"start":{"line":17,"column":51},"end":{"line":17,"column":72}},"line":17},"2":{"name":"(anonymous_2)","decl":{"start":{"line":19,"column":33},"end":{"line":19,"column":34}},"loc":{"start":{"line":19,"column":57},"end":{"line":26,"column":3}},"line":19},"3":{"name":"(anonymous_3)","decl":{"start":{"line":31,"column":27},"end":{"line":31,"column":28}},"loc":{"start":{"line":31,"column":33},"end":{"line":39,"column":7}},"line":31}},"branchMap":{},"s":{"0":2,"1":4,"2":4,"3":4,"4":1,"5":4,"6":4},"f":{"0":4,"1":4,"2":1,"3":4},"b":{},"_coverageSchema":"1a1c01bbd47fc00a2c39e90264f33305004495a9","hash":"63dc8a57e0dd355e97bb7b86e1e8c03a14764d14"}
,"/Users/matheushenrique/Documents/github/desafioBuilders/src/views/DetailsOffWeeks/index.tsx": {"path":"/Users/matheushenrique/Documents/github/desafioBuilders/src/views/DetailsOffWeeks/index.tsx","statementMap":{"0":{"start":{"line":13,"column":42},"end":{"line":21,"column":1}},"1":{"start":{"line":14,"column":15},"end":{"line":14,"column":63}},"2":{"start":{"line":14,"column":45},"end":{"line":14,"column":62}},"3":{"start":{"line":16,"column":2},"end":{"line":20,"column":4}}},"fnMap":{"0":{"name":"(anonymous_0)","decl":{"start":{"line":13,"column":42},"end":{"line":13,"column":43}},"loc":{"start":{"line":13,"column":56},"end":{"line":21,"column":1}},"line":13},"1":{"name":"(anonymous_1)","decl":{"start":{"line":14,"column":27},"end":{"line":14,"column":28}},"loc":{"start":{"line":14,"column":45},"end":{"line":14,"column":62}},"line":14}},"branchMap":{},"s":{"0":1,"1":2,"2":2,"3":2},"f":{"0":2,"1":2},"b":{},"_coverageSchema":"1a1c01bbd47fc00a2c39e90264f33305004495a9","hash":"8da6c1d5a7c4c350264bcadfb14c8415bd0bbf83"}
,"/Users/matheushenrique/Documents/github/desafioBuilders/src/views/DetailsOffWeeks/styles.tsx": {"path":"/Users/matheushenrique/Documents/github/desafioBuilders/src/views/DetailsOffWeeks/styles.tsx","statementMap":{"0":{"start":{"line":4,"column":20},"end":{"line":6,"column":1}},"1":{"start":{"line":8,"column":27},"end":{"line":17,"column":1}}},"fnMap":{},"branchMap":{},"s":{"0":3,"1":3},"f":{},"b":{},"_coverageSchema":"1a1c01bbd47fc00a2c39e90264f33305004495a9","hash":"3df0f3d968db2677a1060162e3c844fe29416751"}
,"/Users/matheushenrique/Documents/github/desafioBuilders/src/views/DetailsOffWeeks/List/index.tsx": {"path":"/Users/matheushenrique/Documents/github/desafioBuilders/src/views/DetailsOffWeeks/List/index.tsx","statementMap":{"0":{"start":{"line":21,"column":35},"end":{"line":90,"column":1}},"1":{"start":{"line":22,"column":2},"end":{"line":89,"column":4}}},"fnMap":{"0":{"name":"(anonymous_0)","decl":{"start":{"line":21,"column":35},"end":{"line":21,"column":36}},"loc":{"start":{"line":21,"column":47},"end":{"line":90,"column":1}},"line":21}},"branchMap":{"0":{"loc":{"start":{"line":42,"column":11},"end":{"line":53,"column":11}},"type":"binary-expr","locations":[{"start":{"line":42,"column":11},"end":{"line":42,"column":58}},{"start":{"line":43,"column":12},"end":{"line":52,"column":14}}],"line":42}},"s":{"0":3,"1":2},"f":{"0":2},"b":{"0":[2,2]},"_coverageSchema":"1a1c01bbd47fc00a2c39e90264f33305004495a9","hash":"512cc8e44765c211364cc1f643bc5cbe7ff30868"}
,"/Users/matheushenrique/Documents/github/desafioBuilders/src/views/Home/Loading/index.tsx": {"path":"/Users/matheushenrique/Documents/github/desafioBuilders/src/views/Home/Loading/index.tsx","statementMap":{"0":{"start":{"line":13,"column":34},"end":{"line":44,"column":1}},"1":{"start":{"line":14,"column":2},"end":{"line":43,"column":4}}},"fnMap":{"0":{"name":"(anonymous_0)","decl":{"start":{"line":13,"column":34},"end":{"line":13,"column":35}},"loc":{"start":{"line":13,"column":63},"end":{"line":44,"column":1}},"line":13}},"branchMap":{"0":{"loc":{"start":{"line":16,"column":7},"end":{"line":28,"column":7}},"type":"binary-expr","locations":[{"start":{"line":16,"column":7},"end":{"line":16,"column":14}},{"start":{"line":17,"column":8},"end":{"line":27,"column":17}}],"line":16},"1":{"loc":{"start":{"line":29,"column":7},"end":{"line":41,"column":7}},"type":"binary-expr","locations":[{"start":{"line":29,"column":7},"end":{"line":29,"column":19}},{"start":{"line":29,"column":23},"end":{"line":29,"column":31}},{"start":{"line":30,"column":8},"end":{"line":40,"column":17}}],"line":29}},"s":{"0":1,"1":3},"f":{"0":3},"b":{"0":[3,1],"1":[3,1,1]},"_coverageSchema":"1a1c01bbd47fc00a2c39e90264f33305004495a9","hash":"ae6249dd2d205cd5e1cc40801f776fdd6993ad46"}
,"/Users/matheushenrique/Documents/github/desafioBuilders/src/views/Home/MainArticle/index.tsx": {"path":"/Users/matheushenrique/Documents/github/desafioBuilders/src/views/Home/MainArticle/index.tsx","statementMap":{"0":{"start":{"line":52,"column":38},"end":{"line":118,"column":1}},"1":{"start":{"line":63,"column":18},"end":{"line":63,"column":66}},"2":{"start":{"line":63,"column":48},"end":{"line":63,"column":65}},"3":{"start":{"line":65,"column":2},"end":{"line":117,"column":4}}},"fnMap":{"0":{"name":"(anonymous_0)","decl":{"start":{"line":52,"column":38},"end":{"line":52,"column":39}},"loc":{"start":{"line":62,"column":6},"end":{"line":118,"column":1}},"line":62},"1":{"name":"(anonymous_1)","decl":{"start":{"line":63,"column":30},"end":{"line":63,"column":31}},"loc":{"start":{"line":63,"column":48},"end":{"line":63,"column":65}},"line":63}},"branchMap":{"0":{"loc":{"start":{"line":67,"column":7},"end":{"line":115,"column":7}},"type":"cond-expr","locations":[{"start":{"line":68,"column":8},"end":{"line":104,"column":11}},{"start":{"line":106,"column":8},"end":{"line":114,"column":17}}],"line":67},"1":{"loc":{"start":{"line":69,"column":26},"end":{"line":69,"column":43}},"type":"cond-expr","locations":[{"start":{"line":69,"column":37},"end":{"line":69,"column":38}},{"start":{"line":69,"column":41},"end":{"line":69,"column":43}}],"line":69}},"s":{"0":1,"1":3,"2":3,"3":3},"f":{"0":3,"1":3},"b":{"0":[3,0],"1":[1,2]},"_coverageSchema":"1a1c01bbd47fc00a2c39e90264f33305004495a9","hash":"9ed58253892967c700fd0323027bab599160ed9f"}
,"/Users/matheushenrique/Documents/github/desafioBuilders/src/views/Home/Temperature/index.tsx": {"path":"/Users/matheushenrique/Documents/github/desafioBuilders/src/views/Home/Temperature/index.tsx","statementMap":{"0":{"start":{"line":11,"column":30},"end":{"line":32,"column":1}},"1":{"start":{"line":12,"column":15},"end":{"line":12,"column":64}},"2":{"start":{"line":12,"column":45},"end":{"line":12,"column":63}},"3":{"start":{"line":14,"column":2},"end":{"line":31,"column":4}}},"fnMap":{"0":{"name":"(anonymous_0)","decl":{"start":{"line":11,"column":30},"end":{"line":11,"column":31}},"loc":{"start":{"line":11,"column":36},"end":{"line":32,"column":1}},"line":11},"1":{"name":"(anonymous_1)","decl":{"start":{"line":12,"column":27},"end":{"line":12,"column":28}},"loc":{"start":{"line":12,"column":45},"end":{"line":12,"column":63}},"line":12}},"branchMap":{"0":{"loc":{"start":{"line":20,"column":15},"end":{"line":20,"column":47}},"type":"binary-expr","locations":[{"start":{"line":20,"column":15},"end":{"line":20,"column":41}},{"start":{"line":20,"column":45},"end":{"line":20,"column":47}}],"line":20}},"s":{"0":2,"1":4,"2":4,"3":4},"f":{"0":4,"1":4},"b":{"0":[4,4]},"_coverageSchema":"1a1c01bbd47fc00a2c39e90264f33305004495a9","hash":"a678647c6fd3c3b0872585321245cfa81e2bee2a"}
,"/Users/matheushenrique/Documents/github/desafioBuilders/src/views/Home/Tomorrow/index.tsx": {"path":"/Users/matheushenrique/Documents/github/desafioBuilders/src/views/Home/Tomorrow/index.tsx","statementMap":{"0":{"start":{"line":31,"column":35},"end":{"line":129,"column":1}},"1":{"start":{"line":32,"column":26},"end":{"line":32,"column":41}},"2":{"start":{"line":34,"column":2},"end":{"line":128,"column":4}},"3":{"start":{"line":46,"column":25},"end":{"line":46,"column":44}},"4":{"start":{"line":74,"column":10},"end":{"line":124,"column":17}},"5":{"start":{"line":88,"column":33},"end":{"line":88,"column":65}}},"fnMap":{"0":{"name":"(anonymous_0)","decl":{"start":{"line":31,"column":35},"end":{"line":31,"column":36}},"loc":{"start":{"line":31,"column":47},"end":{"line":129,"column":1}},"line":31},"1":{"name":"(anonymous_1)","decl":{"start":{"line":46,"column":19},"end":{"line":46,"column":20}},"loc":{"start":{"line":46,"column":25},"end":{"line":46,"column":44}},"line":46},"2":{"name":"(anonymous_2)","decl":{"start":{"line":73,"column":24},"end":{"line":73,"column":25}},"loc":{"start":{"line":74,"column":10},"end":{"line":124,"column":17}},"line":74},"3":{"name":"(anonymous_3)","decl":{"start":{"line":88,"column":27},"end":{"line":88,"column":28}},"loc":{"start":{"line":88,"column":33},"end":{"line":88,"column":65}},"line":88}},"branchMap":{"0":{"loc":{"start":{"line":75,"column":13},"end":{"line":123,"column":13}},"type":"binary-expr","locations":[{"start":{"line":75,"column":13},"end":{"line":75,"column":46}},{"start":{"line":76,"column":14},"end":{"line":122,"column":17}}],"line":75}},"s":{"0":2,"1":6,"2":6,"3":1,"4":40,"5":1},"f":{"0":6,"1":1,"2":40,"3":1},"b":{"0":[40,8]},"_coverageSchema":"1a1c01bbd47fc00a2c39e90264f33305004495a9","hash":"8636992f09dc937b76d8fb1f55bb5f0a9907cfc7"}
}
