TN:
SF:src/assets/blizzard-middle.png
FNF:0
FNH:0
DA:1,9
LF:1
LH:1
BRF:0
BRH:0
end_of_record
TN:
SF:src/assets/blizzard-night.png
FNF:0
FNH:0
DA:1,8
LF:1
LH:1
BRF:0
BRH:0
end_of_record
TN:
SF:src/assets/blizzard.png
FNF:0
FNH:0
DA:1,8
LF:1
LH:1
BRF:0
BRH:0
end_of_record
TN:
SF:src/assets/cloud.png
FNF:0
FNH:0
DA:1,9
LF:1
LH:1
BRF:0
BRH:0
end_of_record
TN:
SF:src/assets/drop-miniature.png
FNF:0
FNH:0
DA:1,5
LF:1
LH:1
BRF:0
BRH:0
end_of_record
TN:
SF:src/assets/fog-middle.png
FNF:0
FNH:0
DA:1,8
LF:1
LH:1
BRF:0
BRH:0
end_of_record
TN:
SF:src/assets/fog-night.png
FNF:0
FNH:0
DA:1,8
LF:1
LH:1
BRF:0
BRH:0
end_of_record
TN:
SF:src/assets/fog.png
FNF:0
FNH:0
DA:1,8
LF:1
LH:1
BRF:0
BRH:0
end_of_record
TN:
SF:src/assets/freezing-heavy-raining-middle.png
FNF:0
FNH:0
DA:1,8
LF:1
LH:1
BRF:0
BRH:0
end_of_record
TN:
SF:src/assets/freezing-heavy-raining-night.png
FNF:0
FNH:0
DA:1,8
LF:1
LH:1
BRF:0
BRH:0
end_of_record
TN:
SF:src/assets/freezing-heavy-raining.png
FNF:0
FNH:0
DA:1,8
LF:1
LH:1
BRF:0
BRH:0
end_of_record
TN:
SF:src/assets/freezing-light-rain-middle.png
FNF:0
FNH:0
DA:1,8
LF:1
LH:1
BRF:0
BRH:0
end_of_record
TN:
SF:src/assets/freezing-light-rain-night.png
FNF:0
FNH:0
DA:1,8
LF:1
LH:1
BRF:0
BRH:0
end_of_record
TN:
SF:src/assets/freezing-light-rain.png
FNF:0
FNH:0
DA:1,8
LF:1
LH:1
BRF:0
BRH:0
end_of_record
TN:
SF:src/assets/freezing-raining-middle.png
FNF:0
FNH:0
DA:1,8
LF:1
LH:1
BRF:0
BRH:0
end_of_record
TN:
SF:src/assets/freezing-raining-night.png
FNF:0
FNH:0
DA:1,8
LF:1
LH:1
BRF:0
BRH:0
end_of_record
TN:
SF:src/assets/freezing-raining.png
FNF:0
FNH:0
DA:1,8
LF:1
LH:1
BRF:0
BRH:0
end_of_record
TN:
SF:src/assets/hailstone-middle.png
FNF:0
FNH:0
DA:1,8
LF:1
LH:1
BRF:0
BRH:0
end_of_record
TN:
SF:src/assets/hailstone-night.png
FNF:0
FNH:0
DA:1,8
LF:1
LH:1
BRF:0
BRH:0
end_of_record
TN:
SF:src/assets/hailstone.png
FNF:0
FNH:0
DA:1,8
LF:1
LH:1
BRF:0
BRH:0
end_of_record
TN:
SF:src/assets/heavy-raining-and-thunder-middle.png
FNF:0
FNH:0
DA:1,8
LF:1
LH:1
BRF:0
BRH:0
end_of_record
TN:
SF:src/assets/heavy-raining-and-thunder-night.png
FNF:0
FNH:0
DA:1,8
LF:1
LH:1
BRF:0
BRH:0
end_of_record
TN:
SF:src/assets/heavy-raining-and-thunder.png
FNF:0
FNH:0
DA:1,8
LF:1
LH:1
BRF:0
BRH:0
end_of_record
TN:
SF:src/assets/heavy-raining-middle.png
FNF:0
FNH:0
DA:1,8
LF:1
LH:1
BRF:0
BRH:0
end_of_record
TN:
SF:src/assets/heavy-raining-night.png
FNF:0
FNH:0
DA:1,8
LF:1
LH:1
BRF:0
BRH:0
end_of_record
TN:
SF:src/assets/heavy-raining.png
FNF:0
FNH:0
DA:1,8
LF:1
LH:1
BRF:0
BRH:0
end_of_record
TN:
SF:src/assets/icy-fog-middle.png
FNF:0
FNH:0
DA:1,8
LF:1
LH:1
BRF:0
BRH:0
end_of_record
TN:
SF:src/assets/icy-fog-night.png
FNF:0
FNH:0
DA:1,8
LF:1
LH:1
BRF:0
BRH:0
end_of_record
TN:
SF:src/assets/icy-fog.png
FNF:0
FNH:0
DA:1,8
LF:1
LH:1
BRF:0
BRH:0
end_of_record
TN:
SF:src/assets/light-rain-middle.png
FNF:0
FNH:0
DA:1,8
LF:1
LH:1
BRF:0
BRH:0
end_of_record
TN:
SF:src/assets/light-rain-night.png
FNF:0
FNH:0
DA:1,8
LF:1
LH:1
BRF:0
BRH:0
end_of_record
TN:
SF:src/assets/light-rain.png
FNF:0
FNH:0
DA:1,8
LF:1
LH:1
BRF:0
BRH:0
end_of_record
TN:
SF:src/assets/mid-snow-fast-winds.png
FNF:0
FNH:0
DA:1,8
LF:1
LH:1
BRF:0
BRH:0
end_of_record
TN:
SF:src/assets/night.png
FNF:0
FNH:0
DA:1,8
LF:1
LH:1
BRF:0
BRH:0
end_of_record
TN:
SF:src/assets/raining-and-thunder.png
FNF:0
FNH:0
DA:1,8
LF:1
LH:1
BRF:0
BRH:0
end_of_record
TN:
SF:src/assets/raining-middle.png
FNF:0
FNH:0
DA:1,8
LF:1
LH:1
BRF:0
BRH:0
end_of_record
TN:
SF:src/assets/raining-night.png
FNF:0
FNH:0
DA:1,8
LF:1
LH:1
BRF:0
BRH:0
end_of_record
TN:
SF:src/assets/raining.png
FNF:0
FNH:0
DA:1,8
LF:1
LH:1
BRF:0
BRH:0
end_of_record
TN:
SF:src/assets/sand-dust-cloud.png
FNF:0
FNH:0
DA:1,8
LF:1
LH:1
BRF:0
BRH:0
end_of_record
TN:
SF:src/assets/sand-dust-whirls.png
FNF:0
FNH:0
DA:1,8
LF:1
LH:1
BRF:0
BRH:0
end_of_record
TN:
SF:src/assets/snow-heavy-raining-middle.png
FNF:0
FNH:0
DA:1,8
LF:1
LH:1
BRF:0
BRH:0
end_of_record
TN:
SF:src/assets/snow-heavy-raining-night.png
FNF:0
FNH:0
DA:1,8
LF:1
LH:1
BRF:0
BRH:0
end_of_record
TN:
SF:src/assets/snow-heavy-raining.png
FNF:0
FNH:0
DA:1,8
LF:1
LH:1
BRF:0
BRH:0
end_of_record
TN:
SF:src/assets/snow-light-rain-middle.png
FNF:0
FNH:0
DA:1,8
LF:1
LH:1
BRF:0
BRH:0
end_of_record
TN:
SF:src/assets/snow-light-rain-night.png
FNF:0
FNH:0
DA:1,8
LF:1
LH:1
BRF:0
BRH:0
end_of_record
TN:
SF:src/assets/snow-light-rain.png
FNF:0
FNH:0
DA:1,8
LF:1
LH:1
BRF:0
BRH:0
end_of_record
TN:
SF:src/assets/snow-with-thunder.png
FNF:0
FNH:0
DA:1,8
LF:1
LH:1
BRF:0
BRH:0
end_of_record
TN:
SF:src/assets/snow.png
FNF:0
FNH:0
DA:1,8
LF:1
LH:1
BRF:0
BRH:0
end_of_record
TN:
SF:src/assets/snowing-middle.png
FNF:0
FNH:0
DA:1,8
LF:1
LH:1
BRF:0
BRH:0
end_of_record
TN:
SF:src/assets/snowing-night.png
FNF:0
FNH:0
DA:1,8
LF:1
LH:1
BRF:0
BRH:0
end_of_record
TN:
SF:src/assets/snowing.png
FNF:0
FNH:0
DA:1,8
LF:1
LH:1
BRF:0
BRH:0
end_of_record
TN:
SF:src/assets/squalls.png
FNF:0
FNH:0
DA:1,8
LF:1
LH:1
BRF:0
BRH:0
end_of_record
TN:
SF:src/assets/sun.png
FNF:0
FNH:0
DA:1,8
LF:1
LH:1
BRF:0
BRH:0
end_of_record
TN:
SF:src/assets/thunder-middle.png
FNF:0
FNH:0
DA:1,8
LF:1
LH:1
BRF:0
BRH:0
end_of_record
TN:
SF:src/assets/thunder-night.png
FNF:0
FNH:0
DA:1,8
LF:1
LH:1
BRF:0
BRH:0
end_of_record
TN:
SF:src/assets/thunder.png
FNF:0
FNH:0
DA:1,8
LF:1
LH:1
BRF:0
BRH:0
end_of_record
TN:
SF:src/assets/tornado.png
FNF:0
FNH:0
DA:1,8
LF:1
LH:1
BRF:0
BRH:0
end_of_record
TN:
SF:src/assets/volcanic-ash-cloud.png
FNF:0
FNH:0
DA:1,8
LF:1
LH:1
BRF:0
BRH:0
end_of_record
TN:
SF:src/assets/waterdrop-middle.png
FNF:0
FNH:0
DA:1,8
LF:1
LH:1
BRF:0
BRH:0
end_of_record
TN:
SF:src/assets/waterdrop-night.png
FNF:0
FNH:0
DA:1,8
LF:1
LH:1
BRF:0
BRH:0
end_of_record
TN:
SF:src/assets/waterdrop.png
FNF:0
FNH:0
DA:1,8
LF:1
LH:1
BRF:0
BRH:0
end_of_record
TN:
SF:src/assets/wind-miniature.png
FNF:0
FNH:0
DA:1,5
LF:1
LH:1
BRF:0
BRH:0
end_of_record
TN:
SF:src/components/Card/index.tsx
FN:7,(anonymous_0)
FN:8,(anonymous_1)
FN:10,(anonymous_2)
FNF:3
FNH:3
FNDA:23,(anonymous_0)
FNDA:23,(anonymous_1)
FNDA:23,(anonymous_2)
DA:6,7
DA:7,23
DA:8,23
DA:10,23
LF:4
LH:4
BRDA:7,0,0,23
BRDA:7,0,1,14
BRDA:10,1,0,23
BRDA:10,1,1,14
BRF:4
BRH:4
end_of_record
TN:
SF:src/components/Column/index.tsx
FN:6,(anonymous_0)
FN:7,(anonymous_1)
FN:9,(anonymous_2)
FN:9,(anonymous_3)
FNF:4
FNH:4
FNDA:116,(anonymous_0)
FNDA:116,(anonymous_1)
FNDA:116,(anonymous_2)
FNDA:116,(anonymous_3)
DA:4,11
DA:6,116
DA:7,116
DA:9,116
LF:4
LH:4
BRDA:6,0,0,116
BRDA:6,0,1,115
BRDA:7,1,0,116
BRDA:7,1,1,102
BRDA:9,2,0,116
BRDA:9,2,1,115
BRDA:9,3,0,116
BRDA:9,3,1,107
BRF:8
BRH:8
end_of_record
TN:
SF:src/components/Container/index.tsx
FN:9,(anonymous_0)
FNF:1
FNH:1
FNDA:4,(anonymous_0)
DA:9,2
DA:10,4
LF:2
LH:2
BRDA:32,0,0,2
BRDA:32,0,1,2
BRDA:36,1,0,2
BRDA:36,1,1,2
BRF:4
BRH:4
end_of_record
TN:
SF:src/components/Container/styles.tsx
FNF:0
FNH:0
DA:4,2
DA:8,2
LF:2
LH:2
BRF:0
BRH:0
end_of_record
TN:
SF:src/components/Header/index.tsx
FN:16,(anonymous_0)
FNF:1
FNH:1
FNDA:9,(anonymous_0)
DA:16,4
DA:17,9
LF:2
LH:2
BRF:0
BRH:0
end_of_record
TN:
SF:src/components/Image/index.tsx
FN:14,(anonymous_0)
FNF:1
FNH:1
FNDA:58,(anonymous_0)
DA:14,8
DA:15,58
LF:2
LH:2
BRDA:17,0,0,3
BRDA:17,0,1,55
BRDA:22,1,0,55
BRDA:22,1,1,3
BRDA:23,2,0,55
BRDA:23,2,1,16
BRDA:23,2,2,3
BRF:7
BRH:7
end_of_record
TN:
SF:src/components/Info/index.tsx
FN:45,(anonymous_0)
FNF:1
FNH:1
FNDA:13,(anonymous_0)
DA:45,5
DA:55,13
LF:2
LH:2
BRF:0
BRH:0
end_of_record
TN:
SF:src/components/InfoTomorrow/index.tsx
FN:34,(anonymous_0)
FNF:1
FNH:1
FNDA:7,(anonymous_0)
DA:34,3
DA:42,7
DA:44,7
LF:3
LH:3
BRDA:70,0,0,7
BRDA:70,0,1,4
BRDA:77,1,0,4
BRDA:77,1,1,4
BRDA:90,2,0,7
BRDA:90,2,1,7
BRDA:100,3,0,7
BRDA:100,3,1,7
BRDA:111,4,0,7
BRDA:111,4,1,7
BRDA:125,5,0,7
BRDA:125,5,1,7
BRDA:126,6,0,7
BRDA:126,6,1,7
BRDA:127,7,0,7
BRDA:127,7,1,7
BRF:16
BRH:16
end_of_record
TN:
SF:src/components/Margin/index.tsx
FN:10,(anonymous_0)
FN:11,(anonymous_1)
FNF:2
FNH:2
FNDA:162,(anonymous_0)
FNDA:162,(anonymous_1)
DA:9,8
DA:10,162
DA:11,162
LF:3
LH:3
BRDA:10,0,0,162
BRDA:10,0,1,145
BRDA:11,1,0,162
BRDA:11,1,1,21
BRF:4
BRH:4
end_of_record
TN:
SF:src/components/Row/index.tsx
FN:7,(anonymous_0)
FN:8,(anonymous_1)
FN:10,(anonymous_2)
FN:10,(anonymous_3)
FNF:4
FNH:4
FNDA:117,(anonymous_0)
FNDA:117,(anonymous_1)
FNDA:117,(anonymous_2)
FNDA:117,(anonymous_3)
DA:4,11
DA:7,117
DA:8,117
DA:10,117
LF:4
LH:4
BRDA:7,0,0,117
BRDA:7,0,1,91
BRDA:8,1,0,117
BRDA:8,1,1,47
BRDA:10,2,0,117
BRDA:10,2,1,103
BRDA:10,3,0,117
BRDA:10,3,1,110
BRF:8
BRH:8
end_of_record
TN:
SF:src/components/Separator/index.tsx
FNF:0
FNH:0
DA:5,6
LF:1
LH:1
BRF:0
BRH:0
end_of_record
TN:
SF:src/components/Text/index.tsx
FN:6,(anonymous_0)
FN:7,(anonymous_1)
FN:8,(anonymous_2)
FN:9,(anonymous_3)
FNF:4
FNH:4
FNDA:208,(anonymous_0)
FNDA:208,(anonymous_1)
FNDA:208,(anonymous_2)
FNDA:208,(anonymous_3)
DA:5,11
DA:6,208
DA:7,208
DA:8,208
DA:9,208
LF:5
LH:5
BRDA:7,0,0,208
BRDA:7,0,1,21
BRDA:8,1,0,208
BRDA:8,1,1,73
BRDA:9,2,0,208
BRDA:9,2,1,71
BRF:6
BRH:6
end_of_record
TN:
SF:src/components/TextTemperature/index.tsx
FN:36,(anonymous_0)
FNF:1
FNH:1
FNDA:33,(anonymous_0)
DA:36,8
DA:43,33
LF:2
LH:2
BRDA:49,0,0,33
BRDA:49,0,1,23
BRDA:56,1,0,33
BRDA:56,1,1,23
BRF:4
BRH:4
end_of_record
TN:
SF:src/store/index.tsx
FN:11,(anonymous_0)
FNF:1
FNH:1
FNDA:5,(anonymous_0)
DA:6,5
DA:7,5
DA:9,5
DA:12,5
LF:4
LH:4
BRF:0
BRH:0
end_of_record
TN:
SF:src/store/modules/rootReducer.ts
FNF:0
FNH:0
LF:0
LH:0
BRF:0
BRH:0
end_of_record
TN:
SF:src/store/modules/weather/reducer.ts
FN:8,(anonymous_0)
FNF:1
FNH:1
FNDA:21,(anonymous_0)
DA:4,6
DA:8,6
DA:12,21
DA:14,2
DA:19,1
DA:36,1
DA:41,1
DA:48,16
LF:8
LH:8
BRDA:9,0,0,16
BRDA:12,1,0,2
BRDA:12,1,1,1
BRDA:12,1,2,1
BRDA:12,1,3,1
BRDA:12,1,4,16
BRF:6
BRH:6
end_of_record
TN:
SF:src/store/modules/weather/types.ts
FNF:0
FNH:0
LF:0
LH:0
BRF:0
BRH:0
end_of_record
TN:
SF:src/styles/colors.ts
FNF:0
FNH:0
DA:1,13
LF:1
LH:1
BRF:0
BRH:0
end_of_record
TN:
SF:src/utils/currentHour.ts
FNF:0
FNH:0
DA:3,4
LF:1
LH:1
BRF:0
BRH:0
end_of_record
TN:
SF:src/utils/forecastIcon.ts
FN:90,(anonymous_0)
FNF:1
FNH:1
FNDA:120,(anonymous_0)
DA:90,8
DA:95,120
DA:105,19
DA:106,17
DA:107,2
DA:108,1
DA:113,1
DA:123,3
DA:124,1
DA:125,2
DA:126,1
DA:128,1
DA:140,3
DA:141,1
DA:142,2
DA:143,1
DA:148,1
DA:158,3
DA:159,1
DA:160,2
DA:161,1
DA:166,1
DA:177,3
DA:184,3
DA:185,1
DA:189,2
DA:190,1
DA:195,1
DA:204,3
DA:205,1
DA:206,2
DA:207,1
DA:209,1
DA:217,3
DA:218,1
DA:219,2
DA:220,1
DA:225,1
DA:236,11
DA:238,3
DA:240,8
DA:241,4
DA:242,4
DA:243,3
DA:245,1
DA:252,3
DA:253,1
DA:254,2
DA:255,1
DA:257,1
DA:262,3
DA:263,1
DA:264,2
DA:265,1
DA:267,1
DA:272,3
DA:275,3
DA:276,1
DA:280,2
DA:281,1
DA:286,1
DA:295,3
DA:296,1
DA:300,2
DA:301,1
DA:306,1
DA:315,3
DA:316,1
DA:317,2
DA:318,1
DA:323,1
DA:332,3
DA:333,1
DA:334,2
DA:335,1
DA:337,1
DA:349,3
DA:350,1
DA:351,2
DA:352,1
DA:354,1
DA:363,3
DA:364,1
DA:365,2
DA:366,1
DA:371,1
DA:383,3
DA:384,1
DA:388,2
DA:389,1
DA:394,1
DA:403,3
DA:409,3
DA:413,3
DA:416,3
DA:419,3
DA:424,3
DA:427,3
DA:429,7
LF:99
LH:99
BRDA:95,0,0,19
BRDA:95,0,1,19
BRDA:95,0,2,19
BRDA:95,0,3,19
BRDA:95,0,4,19
BRDA:95,0,5,19
BRDA:95,0,6,19
BRDA:95,0,7,3
BRDA:95,0,8,3
BRDA:95,0,9,3
BRDA:95,0,10,3
BRDA:95,0,11,3
BRDA:95,0,12,3
BRDA:95,0,13,3
BRDA:95,0,14,3
BRDA:95,0,15,3
BRDA:95,0,16,3
BRDA:95,0,17,3
BRDA:95,0,18,3
BRDA:95,0,19,3
BRDA:95,0,20,3
BRDA:95,0,21,3
BRDA:95,0,22,3
BRDA:95,0,23,3
BRDA:95,0,24,3
BRDA:95,0,25,3
BRDA:95,0,26,3
BRDA:95,0,27,3
BRDA:95,0,28,3
BRDA:95,0,29,3
BRDA:95,0,30,3
BRDA:95,0,31,3
BRDA:95,0,32,3
BRDA:95,0,33,3
BRDA:95,0,34,3
BRDA:95,0,35,3
BRDA:95,0,36,3
BRDA:95,0,37,3
BRDA:95,0,38,3
BRDA:95,0,39,3
BRDA:95,0,40,3
BRDA:95,0,41,11
BRDA:95,0,42,11
BRDA:95,0,43,11
BRDA:95,0,44,11
BRDA:95,0,45,11
BRDA:95,0,46,11
BRDA:95,0,47,11
BRDA:95,0,48,3
BRDA:95,0,49,8
BRDA:95,0,50,3
BRDA:95,0,51,3
BRDA:95,0,52,3
BRDA:95,0,53,3
BRDA:95,0,54,3
BRDA:95,0,55,3
BRDA:95,0,56,3
BRDA:95,0,57,3
BRDA:95,0,58,3
BRDA:95,0,59,3
BRDA:95,0,60,3
BRDA:95,0,61,3
BRDA:95,0,62,3
BRDA:95,0,63,3
BRDA:95,0,64,3
BRDA:95,0,65,3
BRDA:95,0,66,3
BRDA:95,0,67,3
BRDA:95,0,68,3
BRDA:95,0,69,3
BRDA:95,0,70,3
BRDA:95,0,71,3
BRDA:95,0,72,3
BRDA:95,0,73,3
BRDA:95,0,74,3
BRDA:95,0,75,3
BRDA:95,0,76,3
BRDA:95,0,77,3
BRDA:95,0,78,3
BRDA:95,0,79,3
BRDA:95,0,80,3
BRDA:95,0,81,3
BRDA:95,0,82,3
BRDA:95,0,83,3
BRDA:95,0,84,3
BRDA:95,0,85,3
BRDA:95,0,86,3
BRDA:95,0,87,3
BRDA:95,0,88,3
BRDA:95,0,89,3
BRDA:95,0,90,3
BRDA:95,0,91,3
BRDA:95,0,92,3
BRDA:95,0,93,3
BRDA:95,0,94,7
BRDA:105,1,0,17
BRDA:105,1,1,2
BRDA:107,2,0,1
BRDA:107,2,1,1
BRDA:123,3,0,1
BRDA:123,3,1,2
BRDA:125,4,0,1
BRDA:125,4,1,1
BRDA:140,5,0,1
BRDA:140,5,1,2
BRDA:142,6,0,1
BRDA:142,6,1,1
BRDA:158,7,0,1
BRDA:158,7,1,2
BRDA:160,8,0,1
BRDA:160,8,1,1
BRDA:184,9,0,1
BRDA:184,9,1,2
BRDA:189,10,0,1
BRDA:189,10,1,1
BRDA:204,11,0,1
BRDA:204,11,1,2
BRDA:206,12,0,1
BRDA:206,12,1,1
BRDA:217,13,0,1
BRDA:217,13,1,2
BRDA:219,14,0,1
BRDA:219,14,1,1
BRDA:240,15,0,4
BRDA:240,15,1,4
BRDA:242,16,0,3
BRDA:242,16,1,1
BRDA:252,17,0,1
BRDA:252,17,1,2
BRDA:254,18,0,1
BRDA:254,18,1,1
BRDA:262,19,0,1
BRDA:262,19,1,2
BRDA:264,20,0,1
BRDA:264,20,1,1
BRDA:275,21,0,1
BRDA:275,21,1,2
BRDA:280,22,0,1
BRDA:280,22,1,1
BRDA:295,23,0,1
BRDA:295,23,1,2
BRDA:300,24,0,1
BRDA:300,24,1,1
BRDA:315,25,0,1
BRDA:315,25,1,2
BRDA:317,26,0,1
BRDA:317,26,1,1
BRDA:332,27,0,1
BRDA:332,27,1,2
BRDA:334,28,0,1
BRDA:334,28,1,1
BRDA:349,29,0,1
BRDA:349,29,1,2
BRDA:351,30,0,1
BRDA:351,30,1,1
BRDA:363,31,0,1
BRDA:363,31,1,2
BRDA:365,32,0,1
BRDA:365,32,1,1
BRDA:383,33,0,1
BRDA:383,33,1,2
BRDA:388,34,0,1
BRDA:388,34,1,1
BRF:163
BRH:163
end_of_record
TN:
SF:src/utils/formatter.ts
FN:5,(anonymous_0)
FN:8,(anonymous_1)
FNF:2
FNH:2
FNDA:1,(anonymous_0)
FNDA:8,(anonymous_1)
DA:3,3
DA:5,3
DA:6,1
DA:8,3
DA:9,8
LF:5
LH:5
BRF:0
BRH:0
end_of_record
TN:
SF:src/utils/period.ts
FN:1,(anonymous_0)
FNF:1
FNH:1
FNDA:240,(anonymous_0)
DA:1,8
DA:3,240
DA:5,240
DA:7,240
LF:4
LH:4
BRDA:3,0,0,240
BRDA:3,0,1,238
BRDA:3,0,2,238
BRDA:3,0,3,159
BRDA:5,1,0,240
BRDA:5,1,1,236
BRF:6
BRH:6
end_of_record
TN:
SF:src/utils/Normalize/index.tsx
FN:9,normalize
FNF:1
FNH:1
FNDA:760,normalize
DA:5,16
DA:7,16
DA:10,760
DA:11,760
DA:14,16
DA:15,16
LF:6
LH:6
BRF:0
BRH:0
end_of_record
TN:
SF:src/views/DetailsOffWeeks/Flatlist.tsx
FN:16,(anonymous_0)
FN:17,(anonymous_1)
FN:19,(anonymous_2)
FN:31,(anonymous_3)
FNF:4
FNH:4
FNDA:4,(anonymous_0)
FNDA:4,(anonymous_1)
FNDA:1,(anonymous_2)
FNDA:4,(anonymous_3)
DA:16,2
DA:17,4
DA:19,4
DA:20,1
DA:28,4
DA:32,4
LF:6
LH:6
BRF:0
BRH:0
end_of_record
TN:
SF:src/views/DetailsOffWeeks/index.tsx
FN:13,(anonymous_0)
FN:14,(anonymous_1)
FNF:2
FNH:2
FNDA:2,(anonymous_0)
FNDA:2,(anonymous_1)
DA:13,1
DA:14,2
DA:16,2
LF:3
LH:3
BRF:0
BRH:0
end_of_record
TN:
SF:src/views/DetailsOffWeeks/styles.tsx
FNF:0
FNH:0
DA:4,3
DA:8,3
LF:2
LH:2
BRF:0
BRH:0
end_of_record
TN:
SF:src/views/DetailsOffWeeks/List/index.tsx
FN:21,(anonymous_0)
FNF:1
FNH:1
FNDA:2,(anonymous_0)
DA:21,3
DA:22,2
LF:2
LH:2
BRDA:42,0,0,2
BRDA:42,0,1,2
BRF:2
BRH:2
end_of_record
TN:
SF:src/views/Home/Loading/index.tsx
FN:13,(anonymous_0)
FNF:1
FNH:1
FNDA:3,(anonymous_0)
DA:13,1
DA:14,3
LF:2
LH:2
BRDA:16,0,0,3
BRDA:16,0,1,1
BRDA:29,1,0,3
BRDA:29,1,1,1
BRDA:29,1,2,1
BRF:5
BRH:5
end_of_record
TN:
SF:src/views/Home/MainArticle/index.tsx
FN:52,(anonymous_0)
FN:63,(anonymous_1)
FNF:2
FNH:2
FNDA:3,(anonymous_0)
FNDA:3,(anonymous_1)
DA:52,1
DA:63,3
DA:65,3
LF:3
LH:3
BRDA:67,0,0,3
BRDA:67,0,1,0
BRDA:69,1,0,1
BRDA:69,1,1,2
BRF:4
BRH:3
end_of_record
TN:
SF:src/views/Home/Temperature/index.tsx
FN:11,(anonymous_0)
FN:12,(anonymous_1)
FNF:2
FNH:2
FNDA:4,(anonymous_0)
FNDA:4,(anonymous_1)
DA:11,2
DA:12,4
DA:14,4
LF:3
LH:3
BRDA:20,0,0,4
BRDA:20,0,1,4
BRF:2
BRH:2
end_of_record
TN:
SF:src/views/Home/Tomorrow/index.tsx
FN:31,(anonymous_0)
FN:46,(anonymous_1)
FN:73,(anonymous_2)
FN:88,(anonymous_3)
FNF:4
FNH:4
FNDA:6,(anonymous_0)
FNDA:1,(anonymous_1)
FNDA:40,(anonymous_2)
FNDA:1,(anonymous_3)
DA:31,2
DA:32,6
DA:34,6
DA:46,1
DA:74,40
DA:88,1
LF:6
LH:6
BRDA:75,0,0,40
BRDA:75,0,1,8
BRF:2
BRH:2
end_of_record
